2020-04-11 12:23:52.404  INFO [departments-ws,,,] 20046 --- [main] c.c.c.ConfigServicePropertySourceLocator : Fetching config from server at : http://localhost:8012
2020-04-11 12:23:52.823  INFO [departments-ws,,,] 20046 --- [main] c.c.c.ConfigServicePropertySourceLocator : Located environment: name=departments-ws, profiles=[default], label=null, version=null, state=null
2020-04-11 12:23:52.837  INFO [departments-ws,,,] 20046 --- [main] b.c.PropertySourceBootstrapConfiguration : Located property source: [BootstrapPropertySource {name='bootstrapProperties-file:///home/mohammedamine/Documents/workspace/master-microservices/git-localconfig-repo/application.properties'}]
2020-04-11 12:23:52.948  INFO [departments-ws,,,] 20046 --- [main] c.q.DepartmentsAppServiceApplication     : No active profile set, falling back to default profiles: default
2020-04-11 12:23:54.322  INFO [departments-ws,,,] 20046 --- [main] .s.d.r.c.RepositoryConfigurationDelegate : Bootstrapping Spring Data MongoDB repositories in DEFAULT mode.
2020-04-11 12:23:54.386  INFO [departments-ws,,,] 20046 --- [main] .s.d.r.c.RepositoryConfigurationDelegate : Finished Spring Data repository scanning in 60ms. Found 1 MongoDB repository interfaces.
2020-04-11 12:23:54.553  WARN [departments-ws,,,] 20046 --- [main] o.s.boot.actuate.endpoint.EndpointId     : Endpoint ID 'service-registry' contains invalid characters, please migrate to a valid format.
2020-04-11 12:23:54.712  WARN [departments-ws,,,] 20046 --- [main] o.s.boot.actuate.endpoint.EndpointId     : Endpoint ID 'hystrix.stream' contains invalid characters, please migrate to a valid format.
2020-04-11 12:23:55.011  INFO [departments-ws,,,] 20046 --- [main] o.s.cloud.context.scope.GenericScope     : BeanFactory id=1e41b877-04fb-3ace-bbb0-7b0fc57640c0
2020-04-11 12:23:56.031  INFO [departments-ws,,,] 20046 --- [main] o.s.b.w.embedded.tomcat.TomcatWebServer  : Tomcat initialized with port(s): 0 (http)
2020-04-11 12:23:56.041  INFO [departments-ws,,,] 20046 --- [main] o.apache.catalina.core.StandardService   : Starting service [Tomcat]
2020-04-11 12:23:56.042  INFO [departments-ws,,,] 20046 --- [main] org.apache.catalina.core.StandardEngine  : Starting Servlet engine: [Apache Tomcat/9.0.33]
2020-04-11 12:23:56.234  INFO [departments-ws,,,] 20046 --- [main] o.a.c.c.C.[Tomcat].[localhost].[/]       : Initializing Spring embedded WebApplicationContext
2020-04-11 12:23:56.235  INFO [departments-ws,,,] 20046 --- [main] o.s.web.context.ContextLoader            : Root WebApplicationContext: initialization completed in 3256 ms
2020-04-11 12:23:56.479  WARN [departments-ws,,,] 20046 --- [main] c.n.c.sources.URLConfigurationSource     : No URLs will be polled as dynamic configuration sources.
2020-04-11 12:23:56.480  INFO [departments-ws,,,] 20046 --- [main] c.n.c.sources.URLConfigurationSource     : To enable URLs as dynamic configuration sources, define System property archaius.configurationSource.additionalUrls or make config.properties available on classpath.
2020-04-11 12:23:56.495  INFO [departments-ws,,,] 20046 --- [main] c.netflix.config.DynamicPropertyFactory  : DynamicPropertyFactory is initialized with configuration sources: com.netflix.config.ConcurrentCompositeConfiguration@f28939e4
2020-04-11 12:23:57.000  INFO [departments-ws,,,] 20046 --- [main] org.mongodb.driver.cluster               : Cluster created with settings {hosts=[127.0.0.1:27017], srvHost=cluster0-pynde.mongodb.net, mode=MULTIPLE, requiredClusterType=REPLICA_SET, serverSelectionTimeout='30000 ms', maxWaitQueueSize=500, requiredReplicaSetName='Cluster0-shard-0'}
2020-04-11 12:23:57.026  INFO [departments-ws,,,] 20046 --- [cluster-ClusterId{value='5e91a8cce4928335a5098d14', description='null'}-srv-cluster0-pynde.mongodb.net] org.mongodb.driver.cluster               : Adding discovered server cluster0-shard-00-01-pynde.mongodb.net:27017 to client view of cluster
2020-04-11 12:23:57.086  INFO [departments-ws,,,] 20046 --- [cluster-ClusterId{value='5e91a8cce4928335a5098d14', description='null'}-srv-cluster0-pynde.mongodb.net] org.mongodb.driver.cluster               : Adding discovered server cluster0-shard-00-00-pynde.mongodb.net:27017 to client view of cluster
2020-04-11 12:23:57.090  INFO [departments-ws,,,] 20046 --- [cluster-ClusterId{value='5e91a8cce4928335a5098d14', description='null'}-srv-cluster0-pynde.mongodb.net] org.mongodb.driver.cluster               : Adding discovered server cluster0-shard-00-02-pynde.mongodb.net:27017 to client view of cluster
2020-04-11 12:23:58.837  INFO [departments-ws,,,] 20046 --- [cluster-ClusterId{value='5e91a8cce4928335a5098d14', description='null'}-cluster0-shard-00-02-pynde.mongodb.net:27017] org.mongodb.driver.connection            : Opened connection [connectionId{localValue:1, serverValue:204220}] to cluster0-shard-00-02-pynde.mongodb.net:27017
2020-04-11 12:23:58.841  INFO [departments-ws,,,] 20046 --- [cluster-ClusterId{value='5e91a8cce4928335a5098d14', description='null'}-cluster0-shard-00-00-pynde.mongodb.net:27017] org.mongodb.driver.connection            : Opened connection [connectionId{localValue:2, serverValue:205972}] to cluster0-shard-00-00-pynde.mongodb.net:27017
2020-04-11 12:23:58.842  INFO [departments-ws,,,] 20046 --- [cluster-ClusterId{value='5e91a8cce4928335a5098d14', description='null'}-cluster0-shard-00-01-pynde.mongodb.net:27017] org.mongodb.driver.connection            : Opened connection [connectionId{localValue:3, serverValue:216573}] to cluster0-shard-00-01-pynde.mongodb.net:27017
2020-04-11 12:23:59.116  INFO [departments-ws,,,] 20046 --- [cluster-ClusterId{value='5e91a8cce4928335a5098d14', description='null'}-cluster0-shard-00-00-pynde.mongodb.net:27017] org.mongodb.driver.cluster               : Monitor thread successfully connected to server with description ServerDescription{address=cluster0-shard-00-00-pynde.mongodb.net:27017, type=REPLICA_SET_SECONDARY, state=CONNECTED, ok=true, version=ServerVersion{versionList=[4, 2, 5]}, minWireVersion=0, maxWireVersion=8, maxDocumentSize=16777216, logicalSessionTimeoutMinutes=30, roundTripTimeNanos=269299223, setName='Cluster0-shard-0', canonicalAddress=cluster0-shard-00-00-pynde.mongodb.net:27017, hosts=[cluster0-shard-00-02-pynde.mongodb.net:27017, cluster0-shard-00-01-pynde.mongodb.net:27017, cluster0-shard-00-00-pynde.mongodb.net:27017], passives=[], arbiters=[], primary='cluster0-shard-00-01-pynde.mongodb.net:27017', tagSet=TagSet{[Tag{name='nodeType', value='ELECTABLE'}, Tag{name='provider', value='AWS'}, Tag{name='region', value='US_WEST_2'}]}, electionId=null, setVersion=2, lastWriteDate=Sat Apr 11 12:23:45 WEST 2020, lastUpdateTimeNanos=8725538338134}
2020-04-11 12:23:59.124  INFO [departments-ws,,,] 20046 --- [cluster-ClusterId{value='5e91a8cce4928335a5098d14', description='null'}-cluster0-shard-00-01-pynde.mongodb.net:27017] org.mongodb.driver.cluster               : Monitor thread successfully connected to server with description ServerDescription{address=cluster0-shard-00-01-pynde.mongodb.net:27017, type=REPLICA_SET_PRIMARY, state=CONNECTED, ok=true, version=ServerVersion{versionList=[4, 2, 5]}, minWireVersion=0, maxWireVersion=8, maxDocumentSize=16777216, logicalSessionTimeoutMinutes=30, roundTripTimeNanos=278463208, setName='Cluster0-shard-0', canonicalAddress=cluster0-shard-00-01-pynde.mongodb.net:27017, hosts=[cluster0-shard-00-02-pynde.mongodb.net:27017, cluster0-shard-00-01-pynde.mongodb.net:27017, cluster0-shard-00-00-pynde.mongodb.net:27017], passives=[], arbiters=[], primary='cluster0-shard-00-01-pynde.mongodb.net:27017', tagSet=TagSet{[Tag{name='nodeType', value='ELECTABLE'}, Tag{name='provider', value='AWS'}, Tag{name='region', value='US_WEST_2'}]}, electionId=7fffffff0000000000000006, setVersion=2, lastWriteDate=Sat Apr 11 12:23:45 WEST 2020, lastUpdateTimeNanos=8725547389028}
2020-04-11 12:23:59.122  INFO [departments-ws,,,] 20046 --- [cluster-ClusterId{value='5e91a8cce4928335a5098d14', description='null'}-cluster0-shard-00-02-pynde.mongodb.net:27017] org.mongodb.driver.cluster               : Monitor thread successfully connected to server with description ServerDescription{address=cluster0-shard-00-02-pynde.mongodb.net:27017, type=REPLICA_SET_SECONDARY, state=CONNECTED, ok=true, version=ServerVersion{versionList=[4, 2, 5]}, minWireVersion=0, maxWireVersion=8, maxDocumentSize=16777216, logicalSessionTimeoutMinutes=30, roundTripTimeNanos=282896940, setName='Cluster0-shard-0', canonicalAddress=cluster0-shard-00-02-pynde.mongodb.net:27017, hosts=[cluster0-shard-00-02-pynde.mongodb.net:27017, cluster0-shard-00-01-pynde.mongodb.net:27017, cluster0-shard-00-00-pynde.mongodb.net:27017], passives=[], arbiters=[], primary='cluster0-shard-00-01-pynde.mongodb.net:27017', tagSet=TagSet{[Tag{name='nodeType', value='ELECTABLE'}, Tag{name='provider', value='AWS'}, Tag{name='region', value='US_WEST_2'}]}, electionId=null, setVersion=2, lastWriteDate=Sat Apr 11 12:23:45 WEST 2020, lastUpdateTimeNanos=8725547103549}
2020-04-11 12:23:59.126  INFO [departments-ws,,,] 20046 --- [cluster-ClusterId{value='5e91a8cce4928335a5098d14', description='null'}-cluster0-shard-00-01-pynde.mongodb.net:27017] org.mongodb.driver.cluster               : Setting max election id to 7fffffff0000000000000006 from replica set primary cluster0-shard-00-01-pynde.mongodb.net:27017
2020-04-11 12:23:59.127  INFO [departments-ws,,,] 20046 --- [cluster-ClusterId{value='5e91a8cce4928335a5098d14', description='null'}-cluster0-shard-00-01-pynde.mongodb.net:27017] org.mongodb.driver.cluster               : Setting max set version to 2 from replica set primary cluster0-shard-00-01-pynde.mongodb.net:27017
2020-04-11 12:23:59.128  INFO [departments-ws,,,] 20046 --- [cluster-ClusterId{value='5e91a8cce4928335a5098d14', description='null'}-cluster0-shard-00-01-pynde.mongodb.net:27017] org.mongodb.driver.cluster               : Discovered replica set primary cluster0-shard-00-01-pynde.mongodb.net:27017
2020-04-11 12:24:01.740  WARN [departments-ws,,,] 20046 --- [main] c.n.c.sources.URLConfigurationSource     : No URLs will be polled as dynamic configuration sources.
2020-04-11 12:24:01.740  INFO [departments-ws,,,] 20046 --- [main] c.n.c.sources.URLConfigurationSource     : To enable URLs as dynamic configuration sources, define System property archaius.configurationSource.additionalUrls or make config.properties available on classpath.
2020-04-11 12:24:02.153  INFO [departments-ws,,,] 20046 --- [main] o.s.s.concurrent.ThreadPoolTaskExecutor  : Initializing ExecutorService 'applicationTaskExecutor'
2020-04-11 12:24:02.848  WARN [departments-ws,,,] 20046 --- [main] ockingLoadBalancerClientRibbonWarnLogger : You already have RibbonLoadBalancerClient on your classpath. It will be used by default. As Spring Cloud Ribbon is in maintenance mode. We recommend switching to BlockingLoadBalancerClient instead. In order to use it, set the value of `spring.cloud.loadbalancer.ribbon.enabled` to `false` or remove spring-cloud-starter-netflix-ribbon from your project.
2020-04-11 12:24:03.150  INFO [departments-ws,,,] 20046 --- [main] o.s.b.a.e.web.EndpointLinksResolver      : Exposing 1 endpoint(s) beneath base path '/actuator'
2020-04-11 12:24:03.356  INFO [departments-ws,,,] 20046 --- [main] o.s.b.w.embedded.tomcat.TomcatWebServer  : Tomcat started on port(s): 38909 (http) with context path ''
2020-04-11 12:24:03.357  INFO [departments-ws,,,] 20046 --- [main] .s.c.n.e.s.EurekaAutoServiceRegistration : Updating port to 38909
2020-04-11 12:24:03.363  INFO [departments-ws,,,] 20046 --- [main] o.s.c.n.eureka.InstanceInfoFactory       : Setting initial instance status as: STARTING
2020-04-11 12:24:03.411  INFO [departments-ws,,,] 20046 --- [main] com.netflix.discovery.DiscoveryClient    : Initializing Eureka in region us-east-1
2020-04-11 12:24:03.484  INFO [departments-ws,,,] 20046 --- [main] c.n.d.provider.DiscoveryJerseyProvider   : Using JSON encoding codec LegacyJacksonJson
2020-04-11 12:24:03.485  INFO [departments-ws,,,] 20046 --- [main] c.n.d.provider.DiscoveryJerseyProvider   : Using JSON decoding codec LegacyJacksonJson
2020-04-11 12:24:03.637  INFO [departments-ws,,,] 20046 --- [main] c.n.d.provider.DiscoveryJerseyProvider   : Using XML encoding codec XStreamXml
2020-04-11 12:24:03.638  INFO [departments-ws,,,] 20046 --- [main] c.n.d.provider.DiscoveryJerseyProvider   : Using XML decoding codec XStreamXml
2020-04-11 12:24:03.865  INFO [departments-ws,,,] 20046 --- [main] c.n.d.s.r.aws.ConfigClusterResolver      : Resolving eureka endpoints via configuration
2020-04-11 12:24:03.886  INFO [departments-ws,,,] 20046 --- [main] com.netflix.discovery.DiscoveryClient    : Disable delta property : false
2020-04-11 12:24:03.886  INFO [departments-ws,,,] 20046 --- [main] com.netflix.discovery.DiscoveryClient    : Single vip registry refresh property : null
2020-04-11 12:24:03.886  INFO [departments-ws,,,] 20046 --- [main] com.netflix.discovery.DiscoveryClient    : Force full registry fetch : false
2020-04-11 12:24:03.886  INFO [departments-ws,,,] 20046 --- [main] com.netflix.discovery.DiscoveryClient    : Application is null : false
2020-04-11 12:24:03.886  INFO [departments-ws,,,] 20046 --- [main] com.netflix.discovery.DiscoveryClient    : Registered Applications size is zero : true
2020-04-11 12:24:03.886  INFO [departments-ws,,,] 20046 --- [main] com.netflix.discovery.DiscoveryClient    : Application version is -1: true
2020-04-11 12:24:03.887  INFO [departments-ws,,,] 20046 --- [main] com.netflix.discovery.DiscoveryClient    : Getting all instance registry info from the eureka server
2020-04-11 12:24:04.042  INFO [departments-ws,,,] 20046 --- [main] com.netflix.discovery.DiscoveryClient    : The response status is 200
2020-04-11 12:24:04.053  INFO [departments-ws,,,] 20046 --- [main] com.netflix.discovery.DiscoveryClient    : Starting heartbeat executor: renew interval is: 30
2020-04-11 12:24:04.057  INFO [departments-ws,,,] 20046 --- [main] c.n.discovery.InstanceInfoReplicator     : InstanceInfoReplicator onDemand update allowed rate per min is 4
2020-04-11 12:24:04.069  INFO [departments-ws,,,] 20046 --- [main] com.netflix.discovery.DiscoveryClient    : Discovery Client initialized at timestamp 1586604244068 with initial instances count: 1
2020-04-11 12:24:04.086  INFO [departments-ws,,,] 20046 --- [main] o.s.c.n.e.s.EurekaServiceRegistry        : Registering application DEPARTMENTS-WS with eureka with status UP
2020-04-11 12:24:04.087  INFO [departments-ws,,,] 20046 --- [main] com.netflix.discovery.DiscoveryClient    : Saw local status change event StatusChangeEvent [timestamp=1586604244087, current=UP, previous=STARTING]
2020-04-11 12:24:04.090  INFO [departments-ws,,,] 20046 --- [DiscoveryClient-InstanceInfoReplicator-0] com.netflix.discovery.DiscoveryClient    : DiscoveryClient_DEPARTMENTS-WS/departments-wsd63d9d79c1636d163da8e03234fe4240: registering service...
2020-04-11 12:24:04.106  INFO [departments-ws,,,] 20046 --- [main] c.q.DepartmentsAppServiceApplication     : Started DepartmentsAppServiceApplication in 13.585 seconds (JVM running for 14.251)
2020-04-11 12:24:04.169  INFO [departments-ws,,,] 20046 --- [DiscoveryClient-InstanceInfoReplicator-0] com.netflix.discovery.DiscoveryClient    : DiscoveryClient_DEPARTMENTS-WS/departments-wsd63d9d79c1636d163da8e03234fe4240 - registration status: 204
2020-04-11 12:25:26.936  INFO [departments-ws,,,] 20046 --- [http-nio-auto-1-exec-1] o.a.c.c.C.[Tomcat].[localhost].[/]       : Initializing Spring DispatcherServlet 'dispatcherServlet'
2020-04-11 12:25:26.937  INFO [departments-ws,,,] 20046 --- [http-nio-auto-1-exec-1] o.s.web.servlet.DispatcherServlet        : Initializing Servlet 'dispatcherServlet'
2020-04-11 12:25:26.973  INFO [departments-ws,,,] 20046 --- [http-nio-auto-1-exec-1] o.s.web.servlet.DispatcherServlet        : Completed initialization in 36 ms
2020-04-11 12:25:27.086  INFO [departments-ws,bdc0fc4d5723faea,bdc0fc4d5723faea,true] 20046 --- [http-nio-auto-1-exec-1] c.q.ui.controllers.DepartmentController  : Test Calling Users microservice
2020-04-11 12:25:27.661 DEBUG [departments-ws,bdc0fc4d5723faea,443062d7285c7b59,true] 20046 --- [hystrix-users-ws-1] c.q.data.clients.UserServiceClient       : [UserServiceClient#getUsers] ---> GET http://users-ws/users/ HTTP/1.1
2020-04-11 12:25:27.662 DEBUG [departments-ws,bdc0fc4d5723faea,443062d7285c7b59,true] 20046 --- [hystrix-users-ws-1] c.q.data.clients.UserServiceClient       : [UserServiceClient#getUsers] ---> END HTTP (0-byte body)
2020-04-11 12:25:28.330  INFO [departments-ws,bdc0fc4d5723faea,443062d7285c7b59,true] 20046 --- [hystrix-users-ws-1] c.netflix.config.ChainedDynamicProperty  : Flipping property: users-ws.ribbon.ActiveConnectionsLimit to use NEXT property: niws.loadbalancer.availabilityFilteringRule.activeConnectionsLimit = 2147483647
2020-04-11 12:25:28.410  INFO [departments-ws,bdc0fc4d5723faea,443062d7285c7b59,true] 20046 --- [hystrix-users-ws-1] c.n.u.concurrent.ShutdownEnabledTimer    : Shutdown hook installed for: NFLoadBalancer-PingTimer-users-ws
2020-04-11 12:25:28.411  INFO [departments-ws,bdc0fc4d5723faea,443062d7285c7b59,true] 20046 --- [hystrix-users-ws-1] c.netflix.loadbalancer.BaseLoadBalancer  : Client: users-ws instantiated a LoadBalancer: DynamicServerListLoadBalancer:{NFLoadBalancer:name=users-ws,current list of Servers=[],Load balancer stats=Zone stats: {},Server stats: []}ServerList:null
2020-04-11 12:25:28.428  INFO [departments-ws,bdc0fc4d5723faea,443062d7285c7b59,true] 20046 --- [hystrix-users-ws-1] c.n.l.DynamicServerListLoadBalancer      : Using serverListUpdater PollingServerListUpdater
2020-04-11 12:25:28.472  INFO [departments-ws,bdc0fc4d5723faea,443062d7285c7b59,true] 20046 --- [hystrix-users-ws-1] c.netflix.config.ChainedDynamicProperty  : Flipping property: users-ws.ribbon.ActiveConnectionsLimit to use NEXT property: niws.loadbalancer.availabilityFilteringRule.activeConnectionsLimit = 2147483647
2020-04-11 12:25:28.479  INFO [departments-ws,bdc0fc4d5723faea,443062d7285c7b59,true] 20046 --- [hystrix-users-ws-1] c.n.l.DynamicServerListLoadBalancer      : DynamicServerListLoadBalancer for client users-ws initialized: DynamicServerListLoadBalancer:{NFLoadBalancer:name=users-ws,current list of Servers=[10.10.92.54:39505],Load balancer stats=Zone stats: {defaultzone=[Zone:defaultzone;	Instance count:1;	Active connections count: 0;	Circuit breaker tripped count: 0;	Active connections per server: 0.0;]
},Server stats: [[Server:10.10.92.54:39505;	Zone:defaultZone;	Total Requests:0;	Successive connection failure:0;	Total blackout seconds:0;	Last connection made:Thu Jan 01 00:00:00 WET 1970;	First connection made: Thu Jan 01 00:00:00 WET 1970;	Active Connections:0;	total failure count in last (1000) msecs:0;	average resp time:0.0;	90 percentile resp time:0.0;	95 percentile resp time:0.0;	min resp time:0.0;	max resp time:0.0;	stddev resp time:0.0]
]}ServerList:org.springframework.cloud.netflix.ribbon.eureka.DomainExtractingServerList@77cb0db1
2020-04-11 12:25:28.635 ERROR [departments-ws,bdc0fc4d5723faea,678d4c1c6fd9bd92,true] 20046 --- [HystrixTimer-1] c.q.d.clients.UserServiceClientFallBack  : Other error took place: null
2020-04-11 12:25:28.875 DEBUG [departments-ws,bdc0fc4d5723faea,443062d7285c7b59,true] 20046 --- [hystrix-users-ws-1] c.q.data.clients.UserServiceClient       : [UserServiceClient#getUsers] <--- HTTP/1.1 200 (1210ms)
2020-04-11 12:25:28.880 DEBUG [departments-ws,bdc0fc4d5723faea,443062d7285c7b59,true] 20046 --- [hystrix-users-ws-1] c.q.data.clients.UserServiceClient       : [UserServiceClient#getUsers] cache-control: no-cache, no-store, max-age=0, must-revalidate
2020-04-11 12:25:28.880 DEBUG [departments-ws,bdc0fc4d5723faea,443062d7285c7b59,true] 20046 --- [hystrix-users-ws-1] c.q.data.clients.UserServiceClient       : [UserServiceClient#getUsers] connection: keep-alive
2020-04-11 12:25:28.881 DEBUG [departments-ws,bdc0fc4d5723faea,443062d7285c7b59,true] 20046 --- [hystrix-users-ws-1] c.q.data.clients.UserServiceClient       : [UserServiceClient#getUsers] content-type: application/json
2020-04-11 12:25:28.881 DEBUG [departments-ws,bdc0fc4d5723faea,443062d7285c7b59,true] 20046 --- [hystrix-users-ws-1] c.q.data.clients.UserServiceClient       : [UserServiceClient#getUsers] date: Sat, 11 Apr 2020 11:25:28 GMT
2020-04-11 12:25:28.896 DEBUG [departments-ws,bdc0fc4d5723faea,443062d7285c7b59,true] 20046 --- [hystrix-users-ws-1] c.q.data.clients.UserServiceClient       : [UserServiceClient#getUsers] expires: 0
2020-04-11 12:25:28.897 DEBUG [departments-ws,bdc0fc4d5723faea,443062d7285c7b59,true] 20046 --- [hystrix-users-ws-1] c.q.data.clients.UserServiceClient       : [UserServiceClient#getUsers] keep-alive: timeout=60
2020-04-11 12:25:28.898 DEBUG [departments-ws,bdc0fc4d5723faea,443062d7285c7b59,true] 20046 --- [hystrix-users-ws-1] c.q.data.clients.UserServiceClient       : [UserServiceClient#getUsers] pragma: no-cache
2020-04-11 12:25:28.898 DEBUG [departments-ws,bdc0fc4d5723faea,443062d7285c7b59,true] 20046 --- [hystrix-users-ws-1] c.q.data.clients.UserServiceClient       : [UserServiceClient#getUsers] transfer-encoding: chunked
2020-04-11 12:25:28.898 DEBUG [departments-ws,bdc0fc4d5723faea,443062d7285c7b59,true] 20046 --- [hystrix-users-ws-1] c.q.data.clients.UserServiceClient       : [UserServiceClient#getUsers] x-content-type-options: nosniff
2020-04-11 12:25:28.902 DEBUG [departments-ws,bdc0fc4d5723faea,443062d7285c7b59,true] 20046 --- [hystrix-users-ws-1] c.q.data.clients.UserServiceClient       : [UserServiceClient#getUsers] x-xss-protection: 1; mode=block
2020-04-11 12:25:28.902 DEBUG [departments-ws,bdc0fc4d5723faea,443062d7285c7b59,true] 20046 --- [hystrix-users-ws-1] c.q.data.clients.UserServiceClient       : [UserServiceClient#getUsers] 
2020-04-11 12:25:28.903 DEBUG [departments-ws,bdc0fc4d5723faea,443062d7285c7b59,true] 20046 --- [hystrix-users-ws-1] c.q.data.clients.UserServiceClient       : [UserServiceClient#getUsers] [{"id":"5e9090b8284f5f1c05049d17","lastName":"amine","email":"mohammed@admin.com","authorities":["SUPER_ADMIN"],"activated":true},{"id":"5e9090ba284f5f1c05049d18","lastName":"toubali","email":"salah@costumer.com","authorities":["COSTUMER"],"activated":true},{"id":"5e90a827284f5f1c05049d19","lastName":"Amine","email":"mohammedamine21@gmail.com","authorities":null,"activated":false},{"id":"5e90a904284f5f1c05049d1a","lastName":"Amine","email":"mohammedamine22@gmail.com","authorities":null,"activated":false},{"id":"5e90a996284f5f1c05049d1b","lastName":"Amine","email":"mohammedamine28@gmail.com","authorities":null,"activated":false},{"id":"5e90b3b0d8e26c5a7a7399b8","lastName":"Amine","email":"sdfasdf@gmail.com","authorities":["COSTUMER"],"activated":false},{"id":"5e91a585bace645065c3f754","lastName":"Amine","email":"csdcsdcsdc@gmail.com","authorities":["COSTUMER"],"activated":false}]
2020-04-11 12:25:28.904 DEBUG [departments-ws,bdc0fc4d5723faea,443062d7285c7b59,true] 20046 --- [hystrix-users-ws-1] c.q.data.clients.UserServiceClient       : [UserServiceClient#getUsers] <--- END HTTP (891-byte body)
2020-04-11 12:25:29.438  INFO [departments-ws,,,] 20046 --- [PollingServerListUpdater-0] c.netflix.config.ChainedDynamicProperty  : Flipping property: users-ws.ribbon.ActiveConnectionsLimit to use NEXT property: niws.loadbalancer.availabilityFilteringRule.activeConnectionsLimit = 2147483647
2020-04-11 12:25:30.712  INFO [departments-ws,bdc0fc4d5723faea,bdc0fc4d5723faea,true] 20046 --- [http-nio-auto-1-exec-1] org.mongodb.driver.connection            : Opened connection [connectionId{localValue:4, serverValue:215030}] to cluster0-shard-00-01-pynde.mongodb.net:27017
2020-04-11 12:29:03.889  INFO [departments-ws,,,] 20046 --- [AsyncResolver-bootstrap-executor-0] c.n.d.s.r.aws.ConfigClusterResolver      : Resolving eureka endpoints via configuration
2020-04-11 12:30:54.081  INFO [departments-ws,,,] 20046 --- [Thread-14] c.n.l.PollingServerListUpdater           : Shutting down the Executor Pool for PollingServerListUpdater
2020-04-11 12:30:54.099  INFO [departments-ws,,,] 20046 --- [SpringContextShutdownHook] o.s.c.n.e.s.EurekaServiceRegistry        : Unregistering application DEPARTMENTS-WS with eureka with status DOWN
2020-04-11 12:30:54.101  WARN [departments-ws,,,] 20046 --- [SpringContextShutdownHook] com.netflix.discovery.DiscoveryClient    : Saw local status change event StatusChangeEvent [timestamp=1586604654101, current=DOWN, previous=UP]
2020-04-11 12:30:54.103  INFO [departments-ws,,,] 20046 --- [DiscoveryClient-InstanceInfoReplicator-0] com.netflix.discovery.DiscoveryClient    : DiscoveryClient_DEPARTMENTS-WS/departments-wsd63d9d79c1636d163da8e03234fe4240: registering service...
2020-04-11 12:30:54.120  INFO [departments-ws,,,] 20046 --- [DiscoveryClient-InstanceInfoReplicator-0] com.netflix.discovery.DiscoveryClient    : DiscoveryClient_DEPARTMENTS-WS/departments-wsd63d9d79c1636d163da8e03234fe4240 - registration status: 204
2020-04-11 12:30:54.125  INFO [departments-ws,,,] 20046 --- [SpringContextShutdownHook] o.s.s.concurrent.ThreadPoolTaskExecutor  : Shutting down ExecutorService 'applicationTaskExecutor'
2020-04-11 12:30:54.970  INFO [departments-ws,,,] 20046 --- [SpringContextShutdownHook] c.n.u.concurrent.ShutdownEnabledTimer    : Shutdown hook removed for: NFLoadBalancer-PingTimer-users-ws
2020-04-11 12:30:54.976  INFO [departments-ws,,,] 20046 --- [SpringContextShutdownHook] c.n.u.concurrent.ShutdownEnabledTimer    : Exception caught (might be ok if at shutdown)

java.lang.IllegalStateException: Shutdown in progress
	at java.lang.ApplicationShutdownHooks.remove(ApplicationShutdownHooks.java:82) ~[na:1.8.0_242]
	at java.lang.Runtime.removeShutdownHook(Runtime.java:240) ~[na:1.8.0_242]
	at com.netflix.util.concurrent.ShutdownEnabledTimer.cancel(ShutdownEnabledTimer.java:70) ~[netflix-commons-util-0.3.0.jar:0.3.0]
	at com.netflix.loadbalancer.BaseLoadBalancer.cancelPingTask(BaseLoadBalancer.java:632) [ribbon-loadbalancer-2.3.0.jar:2.3.0]
	at com.netflix.loadbalancer.BaseLoadBalancer.shutdown(BaseLoadBalancer.java:883) [ribbon-loadbalancer-2.3.0.jar:2.3.0]
	at com.netflix.loadbalancer.DynamicServerListLoadBalancer.shutdown(DynamicServerListLoadBalancer.java:285) [ribbon-loadbalancer-2.3.0.jar:2.3.0]
	at sun.reflect.NativeMethodAccessorImpl.invoke0(Native Method) ~[na:1.8.0_242]
	at sun.reflect.NativeMethodAccessorImpl.invoke(NativeMethodAccessorImpl.java:62) ~[na:1.8.0_242]
	at sun.reflect.DelegatingMethodAccessorImpl.invoke(DelegatingMethodAccessorImpl.java:43) ~[na:1.8.0_242]
	at java.lang.reflect.Method.invoke(Method.java:498) ~[na:1.8.0_242]
	at org.springframework.beans.factory.support.DisposableBeanAdapter.invokeCustomDestroyMethod(DisposableBeanAdapter.java:339) [spring-beans-5.2.5.RELEASE.jar:5.2.5.RELEASE]
	at org.springframework.beans.factory.support.DisposableBeanAdapter.destroy(DisposableBeanAdapter.java:273) [spring-beans-5.2.5.RELEASE.jar:5.2.5.RELEASE]
	at org.springframework.beans.factory.support.DefaultSingletonBeanRegistry.destroyBean(DefaultSingletonBeanRegistry.java:571) [spring-beans-5.2.5.RELEASE.jar:5.2.5.RELEASE]
	at org.springframework.beans.factory.support.DefaultSingletonBeanRegistry.destroySingleton(DefaultSingletonBeanRegistry.java:543) [spring-beans-5.2.5.RELEASE.jar:5.2.5.RELEASE]
	at org.springframework.beans.factory.support.DefaultListableBeanFactory.destroySingleton(DefaultListableBeanFactory.java:1075) [spring-beans-5.2.5.RELEASE.jar:5.2.5.RELEASE]
	at org.springframework.beans.factory.support.DefaultSingletonBeanRegistry.destroySingletons(DefaultSingletonBeanRegistry.java:504) [spring-beans-5.2.5.RELEASE.jar:5.2.5.RELEASE]
	at org.springframework.beans.factory.support.DefaultListableBeanFactory.destroySingletons(DefaultListableBeanFactory.java:1068) [spring-beans-5.2.5.RELEASE.jar:5.2.5.RELEASE]
	at org.springframework.context.support.AbstractApplicationContext.destroyBeans(AbstractApplicationContext.java:1060) [spring-context-5.2.5.RELEASE.jar:5.2.5.RELEASE]
	at org.springframework.context.support.AbstractApplicationContext.doClose(AbstractApplicationContext.java:1029) [spring-context-5.2.5.RELEASE.jar:5.2.5.RELEASE]
	at org.springframework.context.support.AbstractApplicationContext.close(AbstractApplicationContext.java:978) [spring-context-5.2.5.RELEASE.jar:5.2.5.RELEASE]
	at org.springframework.cloud.context.named.NamedContextFactory.destroy(NamedContextFactory.java:92) [spring-cloud-context-2.2.2.RELEASE.jar:2.2.2.RELEASE]
	at org.springframework.beans.factory.support.DisposableBeanAdapter.destroy(DisposableBeanAdapter.java:258) [spring-beans-5.2.5.RELEASE.jar:5.2.5.RELEASE]
	at org.springframework.beans.factory.support.DefaultSingletonBeanRegistry.destroyBean(DefaultSingletonBeanRegistry.java:571) [spring-beans-5.2.5.RELEASE.jar:5.2.5.RELEASE]
	at org.springframework.beans.factory.support.DefaultSingletonBeanRegistry.destroySingleton(DefaultSingletonBeanRegistry.java:543) [spring-beans-5.2.5.RELEASE.jar:5.2.5.RELEASE]
	at org.springframework.beans.factory.support.DefaultListableBeanFactory.destroySingleton(DefaultListableBeanFactory.java:1075) [spring-beans-5.2.5.RELEASE.jar:5.2.5.RELEASE]
	at org.springframework.beans.factory.support.DefaultSingletonBeanRegistry.destroySingletons(DefaultSingletonBeanRegistry.java:504) [spring-beans-5.2.5.RELEASE.jar:5.2.5.RELEASE]
	at org.springframework.beans.factory.support.DefaultListableBeanFactory.destroySingletons(DefaultListableBeanFactory.java:1068) [spring-beans-5.2.5.RELEASE.jar:5.2.5.RELEASE]
	at org.springframework.context.support.AbstractApplicationContext.destroyBeans(AbstractApplicationContext.java:1060) [spring-context-5.2.5.RELEASE.jar:5.2.5.RELEASE]
	at org.springframework.context.support.AbstractApplicationContext.doClose(AbstractApplicationContext.java:1029) [spring-context-5.2.5.RELEASE.jar:5.2.5.RELEASE]
	at org.springframework.context.support.AbstractApplicationContext$1.run(AbstractApplicationContext.java:948) [spring-context-5.2.5.RELEASE.jar:5.2.5.RELEASE]

2020-04-11 12:30:55.263  INFO [departments-ws,,,] 20046 --- [SpringContextShutdownHook] org.mongodb.driver.connection            : Closed connection [connectionId{localValue:4, serverValue:215030}] to cluster0-shard-00-01-pynde.mongodb.net:27017 because the pool has been closed.
2020-04-11 12:30:55.270  INFO [departments-ws,,,] 20046 --- [SpringContextShutdownHook] com.netflix.discovery.DiscoveryClient    : Shutting down DiscoveryClient ...
2020-04-11 12:30:58.274  INFO [departments-ws,,,] 20046 --- [SpringContextShutdownHook] com.netflix.discovery.DiscoveryClient    : Unregistering ...
2020-04-11 12:30:58.295  INFO [departments-ws,,,] 20046 --- [SpringContextShutdownHook] com.netflix.discovery.DiscoveryClient    : DiscoveryClient_DEPARTMENTS-WS/departments-wsd63d9d79c1636d163da8e03234fe4240 - deregister  status: 200
2020-04-11 12:30:58.341  INFO [departments-ws,,,] 20046 --- [SpringContextShutdownHook] com.netflix.discovery.DiscoveryClient    : Completed shut down of DiscoveryClient
