2020-04-11 12:23:22.254  INFO [users-ws,,,] 19911 --- [restartedMain] c.c.c.ConfigServicePropertySourceLocator : Fetching config from server at : http://localhost:8012
2020-04-11 12:23:22.980  INFO [users-ws,,,] 19911 --- [restartedMain] c.c.c.ConfigServicePropertySourceLocator : Located environment: name=users-ws, profiles=[default], label=null, version=null, state=null
2020-04-11 12:23:22.982  INFO [users-ws,,,] 19911 --- [restartedMain] b.c.PropertySourceBootstrapConfiguration : Located property source: [BootstrapPropertySource {name='bootstrapProperties-file:///home/mohammedamine/Documents/workspace/master-microservices/git-localconfig-repo/application.properties'}]
2020-04-11 12:23:23.134  INFO [users-ws,,,] 19911 --- [restartedMain] com.quickapp.UsersAppServiceApplication  : No active profile set, falling back to default profiles: default
2020-04-11 12:23:25.338  WARN [users-ws,,,] 19911 --- [restartedMain] o.s.boot.actuate.endpoint.EndpointId     : Endpoint ID 'bus-env' contains invalid characters, please migrate to a valid format.
2020-04-11 12:23:25.706  INFO [users-ws,,,] 19911 --- [restartedMain] .s.d.r.c.RepositoryConfigurationDelegate : Bootstrapping Spring Data MongoDB repositories in DEFAULT mode.
2020-04-11 12:23:25.778  INFO [users-ws,,,] 19911 --- [restartedMain] .s.d.r.c.RepositoryConfigurationDelegate : Finished Spring Data repository scanning in 68ms. Found 1 MongoDB repository interfaces.
2020-04-11 12:23:25.898  WARN [users-ws,,,] 19911 --- [restartedMain] o.s.boot.actuate.endpoint.EndpointId     : Endpoint ID 'bus-refresh' contains invalid characters, please migrate to a valid format.
2020-04-11 12:23:26.019  WARN [users-ws,,,] 19911 --- [restartedMain] o.s.boot.actuate.endpoint.EndpointId     : Endpoint ID 'service-registry' contains invalid characters, please migrate to a valid format.
2020-04-11 12:23:26.563  INFO [users-ws,,,] 19911 --- [restartedMain] o.s.cloud.context.scope.GenericScope     : BeanFactory id=5739d9bd-2984-35e3-aa2d-6039610da51d
2020-04-11 12:23:26.706  INFO [users-ws,,,] 19911 --- [restartedMain] faultConfiguringBeanFactoryPostProcessor : No bean named 'errorChannel' has been explicitly defined. Therefore, a default PublishSubscribeChannel will be created.
2020-04-11 12:23:26.711  INFO [users-ws,,,] 19911 --- [restartedMain] faultConfiguringBeanFactoryPostProcessor : No bean named 'taskScheduler' has been explicitly defined. Therefore, a default ThreadPoolTaskScheduler will be created.
2020-04-11 12:23:26.716  INFO [users-ws,,,] 19911 --- [restartedMain] faultConfiguringBeanFactoryPostProcessor : No bean named 'integrationHeaderChannelRegistry' has been explicitly defined. Therefore, a default DefaultHeaderChannelRegistry will be created.
2020-04-11 12:23:27.024  INFO [users-ws,,,] 19911 --- [restartedMain] trationDelegate$BeanPostProcessorChecker : Bean 'integrationChannelResolver' of type [org.springframework.integration.support.channel.BeanFactoryChannelResolver] is not eligible for getting processed by all BeanPostProcessors (for example: not eligible for auto-proxying)
2020-04-11 12:23:27.035  INFO [users-ws,,,] 19911 --- [restartedMain] trationDelegate$BeanPostProcessorChecker : Bean 'integrationDisposableAutoCreatedBeans' of type [org.springframework.integration.config.annotation.Disposables] is not eligible for getting processed by all BeanPostProcessors (for example: not eligible for auto-proxying)
2020-04-11 12:23:27.089  INFO [users-ws,,,] 19911 --- [restartedMain] trationDelegate$BeanPostProcessorChecker : Bean 'org.springframework.integration.config.IntegrationManagementConfiguration' of type [org.springframework.integration.config.IntegrationManagementConfiguration] is not eligible for getting processed by all BeanPostProcessors (for example: not eligible for auto-proxying)
2020-04-11 12:23:27.117  INFO [users-ws,,,] 19911 --- [restartedMain] trationDelegate$BeanPostProcessorChecker : Bean 'org.springframework.boot.autoconfigure.integration.IntegrationAutoConfiguration$IntegrationJmxConfiguration' of type [org.springframework.boot.autoconfigure.integration.IntegrationAutoConfiguration$IntegrationJmxConfiguration] is not eligible for getting processed by all BeanPostProcessors (for example: not eligible for auto-proxying)
2020-04-11 12:23:27.131  INFO [users-ws,,,] 19911 --- [restartedMain] trationDelegate$BeanPostProcessorChecker : Bean 'org.springframework.boot.autoconfigure.jmx.JmxAutoConfiguration' of type [org.springframework.boot.autoconfigure.jmx.JmxAutoConfiguration] is not eligible for getting processed by all BeanPostProcessors (for example: not eligible for auto-proxying)
2020-04-11 12:23:27.148  INFO [users-ws,,,] 19911 --- [restartedMain] trationDelegate$BeanPostProcessorChecker : Bean 'mbeanServer' of type [com.sun.jmx.mbeanserver.JmxMBeanServer] is not eligible for getting processed by all BeanPostProcessors (for example: not eligible for auto-proxying)
2020-04-11 12:23:28.157  INFO [users-ws,,,] 19911 --- [restartedMain] o.s.b.w.embedded.tomcat.TomcatWebServer  : Tomcat initialized with port(s): 0 (http)
2020-04-11 12:23:28.166  INFO [users-ws,,,] 19911 --- [restartedMain] o.apache.catalina.core.StandardService   : Starting service [Tomcat]
2020-04-11 12:23:28.166  INFO [users-ws,,,] 19911 --- [restartedMain] org.apache.catalina.core.StandardEngine  : Starting Servlet engine: [Apache Tomcat/9.0.33]
2020-04-11 12:23:28.253  INFO [users-ws,,,] 19911 --- [restartedMain] o.a.c.c.C.[Tomcat].[localhost].[/]       : Initializing Spring embedded WebApplicationContext
2020-04-11 12:23:28.253  INFO [users-ws,,,] 19911 --- [restartedMain] o.s.web.context.ContextLoader            : Root WebApplicationContext: initialization completed in 4938 ms
2020-04-11 12:23:28.446  WARN [users-ws,,,] 19911 --- [restartedMain] c.n.c.sources.URLConfigurationSource     : No URLs will be polled as dynamic configuration sources.
2020-04-11 12:23:28.447  INFO [users-ws,,,] 19911 --- [restartedMain] c.n.c.sources.URLConfigurationSource     : To enable URLs as dynamic configuration sources, define System property archaius.configurationSource.additionalUrls or make config.properties available on classpath.
2020-04-11 12:23:28.457  INFO [users-ws,,,] 19911 --- [restartedMain] c.netflix.config.DynamicPropertyFactory  : DynamicPropertyFactory is initialized with configuration sources: com.netflix.config.ConcurrentCompositeConfiguration@3a965218
2020-04-11 12:23:29.469  INFO [users-ws,,,] 19911 --- [restartedMain] org.mongodb.driver.cluster               : Cluster created with settings {hosts=[127.0.0.1:27017], srvHost=cluster0-pynde.mongodb.net, mode=MULTIPLE, requiredClusterType=REPLICA_SET, serverSelectionTimeout='30000 ms', maxWaitQueueSize=500, requiredReplicaSetName='Cluster0-shard-0'}
2020-04-11 12:23:29.544  INFO [users-ws,,,] 19911 --- [cluster-ClusterId{value='5e91a8b12dad5b2affef9c47', description='null'}-srv-cluster0-pynde.mongodb.net] org.mongodb.driver.cluster               : Adding discovered server cluster0-shard-00-01-pynde.mongodb.net:27017 to client view of cluster
2020-04-11 12:23:29.574  INFO [users-ws,,,] 19911 --- [cluster-ClusterId{value='5e91a8b12dad5b2affef9c47', description='null'}-srv-cluster0-pynde.mongodb.net] org.mongodb.driver.cluster               : Adding discovered server cluster0-shard-00-00-pynde.mongodb.net:27017 to client view of cluster
2020-04-11 12:23:29.576  INFO [users-ws,,,] 19911 --- [cluster-ClusterId{value='5e91a8b12dad5b2affef9c47', description='null'}-srv-cluster0-pynde.mongodb.net] org.mongodb.driver.cluster               : Adding discovered server cluster0-shard-00-02-pynde.mongodb.net:27017 to client view of cluster
2020-04-11 12:23:30.466  INFO [users-ws,,,] 19911 --- [restartedMain] o.s.s.c.ThreadPoolTaskScheduler          : Initializing ExecutorService 'taskScheduler'
2020-04-11 12:23:31.050  INFO [users-ws,,,] 19911 --- [cluster-ClusterId{value='5e91a8b12dad5b2affef9c47', description='null'}-cluster0-shard-00-01-pynde.mongodb.net:27017] org.mongodb.driver.connection            : Opened connection [connectionId{localValue:1, serverValue:216573}] to cluster0-shard-00-01-pynde.mongodb.net:27017
2020-04-11 12:23:31.050  INFO [users-ws,,,] 19911 --- [cluster-ClusterId{value='5e91a8b12dad5b2affef9c47', description='null'}-cluster0-shard-00-02-pynde.mongodb.net:27017] org.mongodb.driver.connection            : Opened connection [connectionId{localValue:3, serverValue:204220}] to cluster0-shard-00-02-pynde.mongodb.net:27017
2020-04-11 12:23:31.108  INFO [users-ws,,,] 19911 --- [restartedMain] o.s.b.d.a.OptionalLiveReloadServer       : LiveReload server is running on port 35729
2020-04-11 12:23:31.273  INFO [users-ws,,,] 19911 --- [cluster-ClusterId{value='5e91a8b12dad5b2affef9c47', description='null'}-cluster0-shard-00-01-pynde.mongodb.net:27017] org.mongodb.driver.cluster               : Monitor thread successfully connected to server with description ServerDescription{address=cluster0-shard-00-01-pynde.mongodb.net:27017, type=REPLICA_SET_PRIMARY, state=CONNECTED, ok=true, version=ServerVersion{versionList=[4, 2, 5]}, minWireVersion=0, maxWireVersion=8, maxDocumentSize=16777216, logicalSessionTimeoutMinutes=30, roundTripTimeNanos=220312592, setName='Cluster0-shard-0', canonicalAddress=cluster0-shard-00-01-pynde.mongodb.net:27017, hosts=[cluster0-shard-00-02-pynde.mongodb.net:27017, cluster0-shard-00-01-pynde.mongodb.net:27017, cluster0-shard-00-00-pynde.mongodb.net:27017], passives=[], arbiters=[], primary='cluster0-shard-00-01-pynde.mongodb.net:27017', tagSet=TagSet{[Tag{name='nodeType', value='ELECTABLE'}, Tag{name='provider', value='AWS'}, Tag{name='region', value='US_WEST_2'}]}, electionId=7fffffff0000000000000006, setVersion=2, lastWriteDate=Sat Apr 11 12:23:21 WEST 2020, lastUpdateTimeNanos=8697697954450}
2020-04-11 12:23:31.275  INFO [users-ws,,,] 19911 --- [cluster-ClusterId{value='5e91a8b12dad5b2affef9c47', description='null'}-cluster0-shard-00-01-pynde.mongodb.net:27017] org.mongodb.driver.cluster               : Setting max election id to 7fffffff0000000000000006 from replica set primary cluster0-shard-00-01-pynde.mongodb.net:27017
2020-04-11 12:23:31.275  INFO [users-ws,,,] 19911 --- [cluster-ClusterId{value='5e91a8b12dad5b2affef9c47', description='null'}-cluster0-shard-00-01-pynde.mongodb.net:27017] org.mongodb.driver.cluster               : Setting max set version to 2 from replica set primary cluster0-shard-00-01-pynde.mongodb.net:27017
2020-04-11 12:23:31.276  INFO [users-ws,,,] 19911 --- [cluster-ClusterId{value='5e91a8b12dad5b2affef9c47', description='null'}-cluster0-shard-00-01-pynde.mongodb.net:27017] org.mongodb.driver.cluster               : Discovered replica set primary cluster0-shard-00-01-pynde.mongodb.net:27017
2020-04-11 12:23:31.278  INFO [users-ws,,,] 19911 --- [cluster-ClusterId{value='5e91a8b12dad5b2affef9c47', description='null'}-cluster0-shard-00-02-pynde.mongodb.net:27017] org.mongodb.driver.cluster               : Monitor thread successfully connected to server with description ServerDescription{address=cluster0-shard-00-02-pynde.mongodb.net:27017, type=REPLICA_SET_SECONDARY, state=CONNECTED, ok=true, version=ServerVersion{versionList=[4, 2, 5]}, minWireVersion=0, maxWireVersion=8, maxDocumentSize=16777216, logicalSessionTimeoutMinutes=30, roundTripTimeNanos=226480979, setName='Cluster0-shard-0', canonicalAddress=cluster0-shard-00-02-pynde.mongodb.net:27017, hosts=[cluster0-shard-00-02-pynde.mongodb.net:27017, cluster0-shard-00-01-pynde.mongodb.net:27017, cluster0-shard-00-00-pynde.mongodb.net:27017], passives=[], arbiters=[], primary='cluster0-shard-00-01-pynde.mongodb.net:27017', tagSet=TagSet{[Tag{name='nodeType', value='ELECTABLE'}, Tag{name='provider', value='AWS'}, Tag{name='region', value='US_WEST_2'}]}, electionId=null, setVersion=2, lastWriteDate=Sat Apr 11 12:23:21 WEST 2020, lastUpdateTimeNanos=8697703629157}
2020-04-11 12:23:31.649  INFO [users-ws,,,] 19911 --- [restartedMain] o.s.s.web.DefaultSecurityFilterChain     : Creating filter chain: any request, [org.springframework.security.web.context.request.async.WebAsyncManagerIntegrationFilter@7b82b759, org.springframework.security.web.context.SecurityContextPersistenceFilter@bcd8e423, org.springframework.security.web.header.HeaderWriterFilter@85fd883b, org.springframework.security.web.authentication.logout.LogoutFilter@c598a5ce, com.quickapp.security.AuthenticationFilter@31d25c5c, org.springframework.security.web.savedrequest.RequestCacheAwareFilter@90367217, org.springframework.security.web.servletapi.SecurityContextHolderAwareRequestFilter@5d06e8aa, org.springframework.security.web.authentication.AnonymousAuthenticationFilter@1de2c8fb, org.springframework.security.web.session.SessionManagementFilter@20cb163f, org.springframework.security.web.access.ExceptionTranslationFilter@f24760b2, org.springframework.security.web.access.intercept.FilterSecurityInterceptor@febeea3b]
2020-04-11 12:23:31.691  WARN [users-ws,,,] 19911 --- [restartedMain] c.n.c.sources.URLConfigurationSource     : No URLs will be polled as dynamic configuration sources.
2020-04-11 12:23:31.691  INFO [users-ws,,,] 19911 --- [restartedMain] c.n.c.sources.URLConfigurationSource     : To enable URLs as dynamic configuration sources, define System property archaius.configurationSource.additionalUrls or make config.properties available on classpath.
2020-04-11 12:23:31.722  INFO [users-ws,,,] 19911 --- [cluster-ClusterId{value='5e91a8b12dad5b2affef9c47', description='null'}-cluster0-shard-00-00-pynde.mongodb.net:27017] org.mongodb.driver.connection            : Opened connection [connectionId{localValue:2, serverValue:198052}] to cluster0-shard-00-00-pynde.mongodb.net:27017
2020-04-11 12:23:31.965  INFO [users-ws,,,] 19911 --- [restartedMain] o.s.s.concurrent.ThreadPoolTaskExecutor  : Initializing ExecutorService 'applicationTaskExecutor'
2020-04-11 12:23:31.966  INFO [users-ws,,,] 19911 --- [cluster-ClusterId{value='5e91a8b12dad5b2affef9c47', description='null'}-cluster0-shard-00-00-pynde.mongodb.net:27017] org.mongodb.driver.cluster               : Monitor thread successfully connected to server with description ServerDescription{address=cluster0-shard-00-00-pynde.mongodb.net:27017, type=REPLICA_SET_SECONDARY, state=CONNECTED, ok=true, version=ServerVersion{versionList=[4, 2, 5]}, minWireVersion=0, maxWireVersion=8, maxDocumentSize=16777216, logicalSessionTimeoutMinutes=30, roundTripTimeNanos=242916339, setName='Cluster0-shard-0', canonicalAddress=cluster0-shard-00-00-pynde.mongodb.net:27017, hosts=[cluster0-shard-00-02-pynde.mongodb.net:27017, cluster0-shard-00-01-pynde.mongodb.net:27017, cluster0-shard-00-00-pynde.mongodb.net:27017], passives=[], arbiters=[], primary='cluster0-shard-00-01-pynde.mongodb.net:27017', tagSet=TagSet{[Tag{name='nodeType', value='ELECTABLE'}, Tag{name='provider', value='AWS'}, Tag{name='region', value='US_WEST_2'}]}, electionId=null, setVersion=2, lastWriteDate=Sat Apr 11 12:23:31 WEST 2020, lastUpdateTimeNanos=8698391725594}
2020-04-11 12:23:32.478  INFO [users-ws,,,] 19911 --- [restartedMain] onConfiguration$FunctionBindingRegistrar : Functional binding is disabled due to the presense of @EnableBinding annotation in your configuration
2020-04-11 12:23:32.952  WARN [users-ws,,,] 19911 --- [restartedMain] ockingLoadBalancerClientRibbonWarnLogger : You already have RibbonLoadBalancerClient on your classpath. It will be used by default. As Spring Cloud Ribbon is in maintenance mode. We recommend switching to BlockingLoadBalancerClient instead. In order to use it, set the value of `spring.cloud.loadbalancer.ribbon.enabled` to `false` or remove spring-cloud-starter-netflix-ribbon from your project.
2020-04-11 12:23:33.399  INFO [users-ws,,,] 19911 --- [restartedMain] o.s.b.a.e.web.EndpointLinksResolver      : Exposing 1 endpoint(s) beneath base path '/actuator'
2020-04-11 12:23:33.615  INFO [users-ws,,,] 19911 --- [restartedMain] o.s.c.s.m.DirectWithAttributesChannel    : Channel 'application-1.springCloudBusInput' has 1 subscriber(s).
2020-04-11 12:23:33.789  INFO [users-ws,,,] 19911 --- [restartedMain] o.s.i.monitor.IntegrationMBeanExporter   : Registering MessageChannel errorChannel
2020-04-11 12:23:33.911  INFO [users-ws,,,] 19911 --- [restartedMain] o.s.i.monitor.IntegrationMBeanExporter   : Registering MessageChannel springCloudBusOutput
2020-04-11 12:23:33.973  INFO [users-ws,,,] 19911 --- [restartedMain] o.s.i.monitor.IntegrationMBeanExporter   : Registering MessageChannel springCloudBusInput
2020-04-11 12:23:34.001  INFO [users-ws,,,] 19911 --- [restartedMain] o.s.i.monitor.IntegrationMBeanExporter   : Registering MessageChannel nullChannel
2020-04-11 12:23:34.041  INFO [users-ws,,,] 19911 --- [restartedMain] o.s.i.monitor.IntegrationMBeanExporter   : Registering MessageHandler org.springframework.cloud.stream.binding.StreamListenerMessageHandler@b0c723ce
2020-04-11 12:23:34.172  INFO [users-ws,,,] 19911 --- [restartedMain] o.s.i.monitor.IntegrationMBeanExporter   : Registering MessageHandler errorLogger
2020-04-11 12:23:34.246  INFO [users-ws,,,] 19911 --- [restartedMain] o.s.i.endpoint.EventDrivenConsumer       : Adding {logging-channel-adapter:_org.springframework.integration.errorLogger} as a subscriber to the 'errorChannel' channel
2020-04-11 12:23:34.246  INFO [users-ws,,,] 19911 --- [restartedMain] o.s.i.channel.PublishSubscribeChannel    : Channel 'application-1.errorChannel' has 1 subscriber(s).
2020-04-11 12:23:34.246  INFO [users-ws,,,] 19911 --- [restartedMain] o.s.i.endpoint.EventDrivenConsumer       : started bean '_org.springframework.integration.errorLogger'
2020-04-11 12:23:34.328  INFO [users-ws,,,] 19911 --- [restartedMain] c.c.c.ConfigServicePropertySourceLocator : Fetching config from server at : http://localhost:8012
2020-04-11 12:23:34.380  INFO [users-ws,,,] 19911 --- [restartedMain] c.c.c.ConfigServicePropertySourceLocator : Located environment: name=users-ws, profiles=[default], label=null, version=null, state=null
2020-04-11 12:23:34.380  INFO [users-ws,,,] 19911 --- [restartedMain] b.c.PropertySourceBootstrapConfiguration : Located property source: [BootstrapPropertySource {name='bootstrapProperties-file:///home/mohammedamine/Documents/workspace/master-microservices/git-localconfig-repo/application.properties'}]
2020-04-11 12:23:34.688  INFO [users-ws,,,] 19911 --- [restartedMain] o.s.a.r.c.CachingConnectionFactory       : Attempting to connect to: [localhost:5672]
2020-04-11 12:23:34.725  INFO [users-ws,,,] 19911 --- [restartedMain] o.s.a.r.c.CachingConnectionFactory       : Created new connection: rabbitConnectionFactory#b5911d4c:0/SimpleConnection@e9c4494e [delegate=amqp://guest@127.0.0.1:5672/, localPort= 42274]
2020-04-11 12:23:34.765  INFO [users-ws,,,] 19911 --- [restartedMain] o.s.c.s.m.DirectWithAttributesChannel    : Channel 'application-1.springCloudBusOutput' has 1 subscriber(s).
2020-04-11 12:23:34.852  INFO [users-ws,,,] 19911 --- [restartedMain] c.s.b.r.p.RabbitExchangeQueueProvisioner : declaring queue for inbound: springCloudBus.anonymous.Fje9blt0RW-vRCQxVngQ4A, bound to: springCloudBus
2020-04-11 12:23:34.872  INFO [users-ws,,,] 19911 --- [restartedMain] o.s.c.stream.binder.BinderErrorChannel   : Channel 'springCloudBus.anonymous.Fje9blt0RW-vRCQxVngQ4A.errors' has 1 subscriber(s).
2020-04-11 12:23:34.872  INFO [users-ws,,,] 19911 --- [restartedMain] o.s.c.stream.binder.BinderErrorChannel   : Channel 'springCloudBus.anonymous.Fje9blt0RW-vRCQxVngQ4A.errors' has 2 subscriber(s).
2020-04-11 12:23:34.891  INFO [users-ws,,,] 19911 --- [restartedMain] o.s.i.a.i.AmqpInboundChannelAdapter      : started bean 'inbound.springCloudBus.anonymous.Fje9blt0RW-vRCQxVngQ4A'
2020-04-11 12:23:34.916  INFO [users-ws,,,] 19911 --- [restartedMain] o.s.i.monitor.IntegrationMBeanExporter   : Registering MessageChannel springCloudBus.anonymous.Fje9blt0RW-vRCQxVngQ4A.errors
2020-04-11 12:23:35.011  INFO [users-ws,,,] 19911 --- [restartedMain] o.s.b.w.embedded.tomcat.TomcatWebServer  : Tomcat started on port(s): 39505 (http) with context path ''
2020-04-11 12:23:35.012  INFO [users-ws,,,] 19911 --- [restartedMain] .s.c.n.e.s.EurekaAutoServiceRegistration : Updating port to 39505
2020-04-11 12:23:35.018  INFO [users-ws,,,] 19911 --- [restartedMain] o.s.c.n.eureka.InstanceInfoFactory       : Setting initial instance status as: STARTING
2020-04-11 12:23:35.057  INFO [users-ws,,,] 19911 --- [restartedMain] com.netflix.discovery.DiscoveryClient    : Initializing Eureka in region us-east-1
2020-04-11 12:23:35.136  INFO [users-ws,,,] 19911 --- [restartedMain] c.n.d.provider.DiscoveryJerseyProvider   : Using JSON encoding codec LegacyJacksonJson
2020-04-11 12:23:35.137  INFO [users-ws,,,] 19911 --- [restartedMain] c.n.d.provider.DiscoveryJerseyProvider   : Using JSON decoding codec LegacyJacksonJson
2020-04-11 12:23:35.262  INFO [users-ws,,,] 19911 --- [restartedMain] c.n.d.provider.DiscoveryJerseyProvider   : Using XML encoding codec XStreamXml
2020-04-11 12:23:35.262  INFO [users-ws,,,] 19911 --- [restartedMain] c.n.d.provider.DiscoveryJerseyProvider   : Using XML decoding codec XStreamXml
2020-04-11 12:23:35.474  INFO [users-ws,,,] 19911 --- [restartedMain] c.n.d.s.r.aws.ConfigClusterResolver      : Resolving eureka endpoints via configuration
2020-04-11 12:23:35.493  INFO [users-ws,,,] 19911 --- [restartedMain] com.netflix.discovery.DiscoveryClient    : Disable delta property : false
2020-04-11 12:23:35.493  INFO [users-ws,,,] 19911 --- [restartedMain] com.netflix.discovery.DiscoveryClient    : Single vip registry refresh property : null
2020-04-11 12:23:35.493  INFO [users-ws,,,] 19911 --- [restartedMain] com.netflix.discovery.DiscoveryClient    : Force full registry fetch : false
2020-04-11 12:23:35.493  INFO [users-ws,,,] 19911 --- [restartedMain] com.netflix.discovery.DiscoveryClient    : Application is null : false
2020-04-11 12:23:35.494  INFO [users-ws,,,] 19911 --- [restartedMain] com.netflix.discovery.DiscoveryClient    : Registered Applications size is zero : true
2020-04-11 12:23:35.494  INFO [users-ws,,,] 19911 --- [restartedMain] com.netflix.discovery.DiscoveryClient    : Application version is -1: true
2020-04-11 12:23:35.494  INFO [users-ws,,,] 19911 --- [restartedMain] com.netflix.discovery.DiscoveryClient    : Getting all instance registry info from the eureka server
2020-04-11 12:23:35.827  INFO [users-ws,,,] 19911 --- [restartedMain] com.netflix.discovery.DiscoveryClient    : The response status is 200
2020-04-11 12:23:35.854  INFO [users-ws,,,] 19911 --- [restartedMain] com.netflix.discovery.DiscoveryClient    : Starting heartbeat executor: renew interval is: 30
2020-04-11 12:23:35.875  INFO [users-ws,,,] 19911 --- [restartedMain] c.n.discovery.InstanceInfoReplicator     : InstanceInfoReplicator onDemand update allowed rate per min is 4
2020-04-11 12:23:35.916  INFO [users-ws,,,] 19911 --- [restartedMain] com.netflix.discovery.DiscoveryClient    : Discovery Client initialized at timestamp 1586604215913 with initial instances count: 0
2020-04-11 12:23:35.941  INFO [users-ws,,,] 19911 --- [restartedMain] o.s.c.n.e.s.EurekaServiceRegistry        : Registering application USERS-WS with eureka with status UP
2020-04-11 12:23:35.945  INFO [users-ws,,,] 19911 --- [restartedMain] com.netflix.discovery.DiscoveryClient    : Saw local status change event StatusChangeEvent [timestamp=1586604215945, current=UP, previous=STARTING]
2020-04-11 12:23:35.951  INFO [users-ws,,,] 19911 --- [DiscoveryClient-InstanceInfoReplicator-0] com.netflix.discovery.DiscoveryClient    : DiscoveryClient_USERS-WS/users-ws61c9136ccde2c0c22a8f6a8ce7f0179e: registering service...
2020-04-11 12:23:35.966  INFO [users-ws,,,] 19911 --- [restartedMain] com.quickapp.UsersAppServiceApplication  : Started UsersAppServiceApplication in 15.841 seconds (JVM running for 16.679)
2020-04-11 12:23:36.271  INFO [users-ws,,,] 19911 --- [DiscoveryClient-InstanceInfoReplicator-0] com.netflix.discovery.DiscoveryClient    : DiscoveryClient_USERS-WS/users-ws61c9136ccde2c0c22a8f6a8ce7f0179e - registration status: 204
2020-04-11 12:24:05.852  INFO [users-ws,,,] 19911 --- [DiscoveryClient-CacheRefreshExecutor-0] com.netflix.discovery.DiscoveryClient    : Disable delta property : false
2020-04-11 12:24:05.853  INFO [users-ws,,,] 19911 --- [DiscoveryClient-CacheRefreshExecutor-0] com.netflix.discovery.DiscoveryClient    : Single vip registry refresh property : null
2020-04-11 12:24:05.853  INFO [users-ws,,,] 19911 --- [DiscoveryClient-CacheRefreshExecutor-0] com.netflix.discovery.DiscoveryClient    : Force full registry fetch : false
2020-04-11 12:24:05.854  INFO [users-ws,,,] 19911 --- [DiscoveryClient-CacheRefreshExecutor-0] com.netflix.discovery.DiscoveryClient    : Application is null : false
2020-04-11 12:24:05.855  INFO [users-ws,,,] 19911 --- [DiscoveryClient-CacheRefreshExecutor-0] com.netflix.discovery.DiscoveryClient    : Registered Applications size is zero : true
2020-04-11 12:24:05.855  INFO [users-ws,,,] 19911 --- [DiscoveryClient-CacheRefreshExecutor-0] com.netflix.discovery.DiscoveryClient    : Application version is -1: false
2020-04-11 12:24:05.855  INFO [users-ws,,,] 19911 --- [DiscoveryClient-CacheRefreshExecutor-0] com.netflix.discovery.DiscoveryClient    : Getting all instance registry info from the eureka server
2020-04-11 12:24:05.929  INFO [users-ws,,,] 19911 --- [DiscoveryClient-CacheRefreshExecutor-0] com.netflix.discovery.DiscoveryClient    : The response status is 200
2020-04-11 12:25:18.566  INFO [users-ws,,,] 19911 --- [http-nio-auto-1-exec-1] o.a.c.c.C.[Tomcat].[localhost].[/]       : Initializing Spring DispatcherServlet 'dispatcherServlet'
2020-04-11 12:25:18.566  INFO [users-ws,,,] 19911 --- [http-nio-auto-1-exec-1] o.s.web.servlet.DispatcherServlet        : Initializing Servlet 'dispatcherServlet'
2020-04-11 12:25:18.587  INFO [users-ws,,,] 19911 --- [http-nio-auto-1-exec-1] o.s.web.servlet.DispatcherServlet        : Completed initialization in 20 ms
2020-04-11 12:25:20.898  INFO [users-ws,cde1c8355870be1c,cde1c8355870be1c,true] 19911 --- [http-nio-auto-1-exec-1] org.mongodb.driver.connection            : Opened connection [connectionId{localValue:4, serverValue:215030}] to cluster0-shard-00-01-pynde.mongodb.net:27017
2020-04-11 12:25:28.553  INFO [users-ws,bdc0fc4d5723faea,34db2cd12ce17de1,true] 19911 --- [http-nio-auto-1-exec-2] com.quickapp.service.UserServiceImpl     : Calling users service
2020-04-11 12:28:35.496  INFO [users-ws,,,] 19911 --- [AsyncResolver-bootstrap-executor-0] c.n.d.s.r.aws.ConfigClusterResolver      : Resolving eureka endpoints via configuration
2020-04-11 12:30:54.024  INFO [users-ws,,,] 19911 --- [SpringContextShutdownHook] o.s.c.n.e.s.EurekaServiceRegistry        : Unregistering application USERS-WS with eureka with status DOWN
2020-04-11 12:30:54.025  WARN [users-ws,,,] 19911 --- [SpringContextShutdownHook] com.netflix.discovery.DiscoveryClient    : Saw local status change event StatusChangeEvent [timestamp=1586604654025, current=DOWN, previous=UP]
2020-04-11 12:30:54.027  INFO [users-ws,,,] 19911 --- [DiscoveryClient-InstanceInfoReplicator-0] com.netflix.discovery.DiscoveryClient    : DiscoveryClient_USERS-WS/users-ws61c9136ccde2c0c22a8f6a8ce7f0179e: registering service...
2020-04-11 12:30:54.038  INFO [users-ws,,,] 19911 --- [DiscoveryClient-InstanceInfoReplicator-0] com.netflix.discovery.DiscoveryClient    : DiscoveryClient_USERS-WS/users-ws61c9136ccde2c0c22a8f6a8ce7f0179e - registration status: 204
2020-04-11 12:30:54.075  INFO [users-ws,,,] 19911 --- [SpringContextShutdownHook] o.s.a.r.l.SimpleMessageListenerContainer : Waiting for workers to finish.
2020-04-11 12:30:54.984  INFO [users-ws,,,] 19911 --- [SpringContextShutdownHook] o.s.a.r.l.SimpleMessageListenerContainer : Successfully waited for workers to finish.
2020-04-11 12:30:54.985  INFO [users-ws,,,] 19911 --- [SpringContextShutdownHook] o.s.i.a.i.AmqpInboundChannelAdapter      : stopped bean 'inbound.springCloudBus.anonymous.Fje9blt0RW-vRCQxVngQ4A'
2020-04-11 12:30:54.993  INFO [users-ws,,,] 19911 --- [SpringContextShutdownHook] o.s.c.stream.binder.BinderErrorChannel   : Channel 'application-1.springCloudBus.anonymous.Fje9blt0RW-vRCQxVngQ4A.errors' has 1 subscriber(s).
2020-04-11 12:30:55.002  INFO [users-ws,,,] 19911 --- [SpringContextShutdownHook] o.s.c.stream.binder.BinderErrorChannel   : Channel 'application-1.springCloudBus.anonymous.Fje9blt0RW-vRCQxVngQ4A.errors' has 0 subscriber(s).
2020-04-11 12:30:55.026  INFO [users-ws,,,] 19911 --- [SpringContextShutdownHook] o.s.i.endpoint.EventDrivenConsumer       : Removing {logging-channel-adapter:_org.springframework.integration.errorLogger} as a subscriber to the 'errorChannel' channel
2020-04-11 12:30:55.033  INFO [users-ws,,,] 19911 --- [SpringContextShutdownHook] o.s.i.channel.PublishSubscribeChannel    : Channel 'application-1.errorChannel' has 0 subscriber(s).
2020-04-11 12:30:55.034  INFO [users-ws,,,] 19911 --- [SpringContextShutdownHook] o.s.i.endpoint.EventDrivenConsumer       : stopped bean '_org.springframework.integration.errorLogger'
2020-04-11 12:30:55.056  INFO [users-ws,,,] 19911 --- [SpringContextShutdownHook] o.s.s.concurrent.ThreadPoolTaskExecutor  : Shutting down ExecutorService 'applicationTaskExecutor'
2020-04-11 12:30:55.070  INFO [users-ws,,,] 19911 --- [SpringContextShutdownHook] o.s.s.c.ThreadPoolTaskScheduler          : Shutting down ExecutorService 'taskScheduler'
2020-04-11 12:30:55.297  INFO [users-ws,,,] 19911 --- [SpringContextShutdownHook] org.mongodb.driver.connection            : Closed connection [connectionId{localValue:4, serverValue:215030}] to cluster0-shard-00-01-pynde.mongodb.net:27017 because the pool has been closed.
2020-04-11 12:30:56.325  INFO [users-ws,,,] 19911 --- [SpringContextShutdownHook] o.s.i.monitor.IntegrationMBeanExporter   : Summary on shutdown: bean 'errorChannel'
2020-04-11 12:30:56.326  INFO [users-ws,,,] 19911 --- [SpringContextShutdownHook] o.s.i.monitor.IntegrationMBeanExporter   : Summary on shutdown: bean 'springCloudBusOutput'
2020-04-11 12:30:56.327  INFO [users-ws,,,] 19911 --- [SpringContextShutdownHook] o.s.i.monitor.IntegrationMBeanExporter   : Summary on shutdown: bean 'springCloudBusInput'
2020-04-11 12:30:56.327  INFO [users-ws,,,] 19911 --- [SpringContextShutdownHook] o.s.i.monitor.IntegrationMBeanExporter   : Summary on shutdown: nullChannel
2020-04-11 12:30:56.327  INFO [users-ws,,,] 19911 --- [SpringContextShutdownHook] o.s.i.monitor.IntegrationMBeanExporter   : Summary on shutdown: org.springframework.cloud.stream.binding.StreamListenerMessageHandler@b0c723ce
2020-04-11 12:30:56.327  INFO [users-ws,,,] 19911 --- [SpringContextShutdownHook] o.s.i.monitor.IntegrationMBeanExporter   : Summary on shutdown: bean '_org.springframework.integration.errorLogger.handler' for component '_org.springframework.integration.errorLogger'
2020-04-11 12:30:56.328  INFO [users-ws,,,] 19911 --- [SpringContextShutdownHook] com.netflix.discovery.DiscoveryClient    : Shutting down DiscoveryClient ...
2020-04-11 12:30:59.331  INFO [users-ws,,,] 19911 --- [SpringContextShutdownHook] com.netflix.discovery.DiscoveryClient    : Unregistering ...
2020-04-11 12:30:59.342  INFO [users-ws,,,] 19911 --- [SpringContextShutdownHook] com.netflix.discovery.DiscoveryClient    : DiscoveryClient_USERS-WS/users-ws61c9136ccde2c0c22a8f6a8ce7f0179e - deregister  status: 200
2020-04-11 12:30:59.372  INFO [users-ws,,,] 19911 --- [SpringContextShutdownHook] com.netflix.discovery.DiscoveryClient    : Completed shut down of DiscoveryClient
