2020-04-11 12:22:38.230  INFO 19666 --- [main] c.q.c.SpringCloudConfigServerApplication : The following profiles are active: native
2020-04-11 12:22:39.206  WARN 19666 --- [main] o.s.boot.actuate.endpoint.EndpointId     : Endpoint ID 'bus-env' contains invalid characters, please migrate to a valid format.
2020-04-11 12:22:39.500  WARN 19666 --- [main] o.s.boot.actuate.endpoint.EndpointId     : Endpoint ID 'bus-refresh' contains invalid characters, please migrate to a valid format.
2020-04-11 12:22:39.784  INFO 19666 --- [main] o.s.cloud.context.scope.GenericScope     : BeanFactory id=92f26ace-e175-33cb-ad66-e7cc4b5b3000
2020-04-11 12:22:39.880  INFO 19666 --- [main] faultConfiguringBeanFactoryPostProcessor : No bean named 'errorChannel' has been explicitly defined. Therefore, a default PublishSubscribeChannel will be created.
2020-04-11 12:22:39.884  INFO 19666 --- [main] faultConfiguringBeanFactoryPostProcessor : No bean named 'taskScheduler' has been explicitly defined. Therefore, a default ThreadPoolTaskScheduler will be created.
2020-04-11 12:22:39.888  INFO 19666 --- [main] faultConfiguringBeanFactoryPostProcessor : No bean named 'integrationHeaderChannelRegistry' has been explicitly defined. Therefore, a default DefaultHeaderChannelRegistry will be created.
2020-04-11 12:22:39.936  INFO 19666 --- [main] trationDelegate$BeanPostProcessorChecker : Bean 'integrationChannelResolver' of type [org.springframework.integration.support.channel.BeanFactoryChannelResolver] is not eligible for getting processed by all BeanPostProcessors (for example: not eligible for auto-proxying)
2020-04-11 12:22:39.940  INFO 19666 --- [main] trationDelegate$BeanPostProcessorChecker : Bean 'integrationDisposableAutoCreatedBeans' of type [org.springframework.integration.config.annotation.Disposables] is not eligible for getting processed by all BeanPostProcessors (for example: not eligible for auto-proxying)
2020-04-11 12:22:39.962  INFO 19666 --- [main] trationDelegate$BeanPostProcessorChecker : Bean 'org.springframework.integration.config.IntegrationManagementConfiguration' of type [org.springframework.integration.config.IntegrationManagementConfiguration] is not eligible for getting processed by all BeanPostProcessors (for example: not eligible for auto-proxying)
2020-04-11 12:22:39.967  INFO 19666 --- [main] trationDelegate$BeanPostProcessorChecker : Bean 'org.springframework.boot.autoconfigure.integration.IntegrationAutoConfiguration$IntegrationJmxConfiguration' of type [org.springframework.boot.autoconfigure.integration.IntegrationAutoConfiguration$IntegrationJmxConfiguration] is not eligible for getting processed by all BeanPostProcessors (for example: not eligible for auto-proxying)
2020-04-11 12:22:39.977  INFO 19666 --- [main] trationDelegate$BeanPostProcessorChecker : Bean 'org.springframework.boot.autoconfigure.jmx.JmxAutoConfiguration' of type [org.springframework.boot.autoconfigure.jmx.JmxAutoConfiguration] is not eligible for getting processed by all BeanPostProcessors (for example: not eligible for auto-proxying)
2020-04-11 12:22:39.982  INFO 19666 --- [main] trationDelegate$BeanPostProcessorChecker : Bean 'mbeanServer' of type [com.sun.jmx.mbeanserver.JmxMBeanServer] is not eligible for getting processed by all BeanPostProcessors (for example: not eligible for auto-proxying)
2020-04-11 12:22:40.412  INFO 19666 --- [main] o.s.b.w.embedded.tomcat.TomcatWebServer  : Tomcat initialized with port(s): 8012 (http)
2020-04-11 12:22:40.423  INFO 19666 --- [main] o.apache.catalina.core.StandardService   : Starting service [Tomcat]
2020-04-11 12:22:40.423  INFO 19666 --- [main] org.apache.catalina.core.StandardEngine  : Starting Servlet engine: [Apache Tomcat/9.0.33]
2020-04-11 12:22:40.539  INFO 19666 --- [main] o.a.c.c.C.[Tomcat].[localhost].[/]       : Initializing Spring embedded WebApplicationContext
2020-04-11 12:22:40.540  INFO 19666 --- [main] o.s.web.context.ContextLoader            : Root WebApplicationContext: initialization completed in 2291 ms
2020-04-11 12:22:41.201  INFO 19666 --- [main] o.s.s.c.ThreadPoolTaskScheduler          : Initializing ExecutorService 'taskScheduler'
2020-04-11 12:22:41.654  INFO 19666 --- [main] o.s.s.concurrent.ThreadPoolTaskExecutor  : Initializing ExecutorService 'applicationTaskExecutor'
2020-04-11 12:22:41.986  INFO 19666 --- [main] onConfiguration$FunctionBindingRegistrar : Functional binding is disabled due to the presense of @EnableBinding annotation in your configuration
2020-04-11 12:22:42.526  INFO 19666 --- [main] o.s.b.a.e.web.EndpointLinksResolver      : Exposing 1 endpoint(s) beneath base path '/actuator'
2020-04-11 12:22:42.630  INFO 19666 --- [main] o.s.c.s.m.DirectWithAttributesChannel    : Channel 'application-1.springCloudBusInput' has 1 subscriber(s).
2020-04-11 12:22:42.789  INFO 19666 --- [main] o.s.i.monitor.IntegrationMBeanExporter   : Registering MessageChannel nullChannel
2020-04-11 12:22:42.829  INFO 19666 --- [main] o.s.i.monitor.IntegrationMBeanExporter   : Registering MessageChannel springCloudBusOutput
2020-04-11 12:22:42.909  INFO 19666 --- [main] o.s.i.monitor.IntegrationMBeanExporter   : Registering MessageChannel springCloudBusInput
2020-04-11 12:22:42.941  INFO 19666 --- [main] o.s.i.monitor.IntegrationMBeanExporter   : Registering MessageChannel errorChannel
2020-04-11 12:22:42.993  INFO 19666 --- [main] o.s.i.monitor.IntegrationMBeanExporter   : Registering MessageHandler org.springframework.cloud.stream.binding.StreamListenerMessageHandler@3a6055d0
2020-04-11 12:22:43.081  INFO 19666 --- [main] o.s.i.monitor.IntegrationMBeanExporter   : Registering MessageHandler errorLogger
2020-04-11 12:22:43.115  INFO 19666 --- [main] o.s.i.endpoint.EventDrivenConsumer       : Adding {logging-channel-adapter:_org.springframework.integration.errorLogger} as a subscriber to the 'errorChannel' channel
2020-04-11 12:22:43.116  INFO 19666 --- [main] o.s.i.channel.PublishSubscribeChannel    : Channel 'application-1.errorChannel' has 1 subscriber(s).
2020-04-11 12:22:43.116  INFO 19666 --- [main] o.s.i.endpoint.EventDrivenConsumer       : started bean '_org.springframework.integration.errorLogger'
2020-04-11 12:22:43.371  INFO 19666 --- [main] o.s.a.r.c.CachingConnectionFactory       : Attempting to connect to: [localhost:5672]
2020-04-11 12:22:43.401  INFO 19666 --- [main] o.s.a.r.c.CachingConnectionFactory       : Created new connection: rabbitConnectionFactory#78102727:0/SimpleConnection@68a5a31e [delegate=amqp://guest@127.0.0.1:5672/, localPort= 42248]
2020-04-11 12:22:43.442  INFO 19666 --- [main] o.s.c.s.m.DirectWithAttributesChannel    : Channel 'application-1.springCloudBusOutput' has 1 subscriber(s).
2020-04-11 12:22:43.498  INFO 19666 --- [main] c.s.b.r.p.RabbitExchangeQueueProvisioner : declaring queue for inbound: springCloudBus.anonymous.sftD0B0zQzKAnGgPaheoTw, bound to: springCloudBus
2020-04-11 12:22:43.517  INFO 19666 --- [main] o.s.c.stream.binder.BinderErrorChannel   : Channel 'springCloudBus.anonymous.sftD0B0zQzKAnGgPaheoTw.errors' has 1 subscriber(s).
2020-04-11 12:22:43.517  INFO 19666 --- [main] o.s.c.stream.binder.BinderErrorChannel   : Channel 'springCloudBus.anonymous.sftD0B0zQzKAnGgPaheoTw.errors' has 2 subscriber(s).
2020-04-11 12:22:43.535  INFO 19666 --- [main] o.s.i.a.i.AmqpInboundChannelAdapter      : started bean 'inbound.springCloudBus.anonymous.sftD0B0zQzKAnGgPaheoTw'
2020-04-11 12:22:43.550  INFO 19666 --- [main] o.s.i.monitor.IntegrationMBeanExporter   : Registering MessageChannel springCloudBus.anonymous.sftD0B0zQzKAnGgPaheoTw.errors
2020-04-11 12:22:43.716  INFO 19666 --- [main] o.s.b.w.embedded.tomcat.TomcatWebServer  : Tomcat started on port(s): 8012 (http) with context path ''
2020-04-11 12:22:43.729  INFO 19666 --- [main] c.q.c.SpringCloudConfigServerApplication : Started SpringCloudConfigServerApplication in 7.231 seconds (JVM running for 7.788)
2020-04-11 12:23:22.535  INFO 19666 --- [http-nio-8012-exec-10] o.a.c.c.C.[Tomcat].[localhost].[/]       : Initializing Spring DispatcherServlet 'dispatcherServlet'
2020-04-11 12:23:22.535  INFO 19666 --- [http-nio-8012-exec-10] o.s.web.servlet.DispatcherServlet        : Initializing Servlet 'dispatcherServlet'
2020-04-11 12:23:22.560  INFO 19666 --- [http-nio-8012-exec-10] o.s.web.servlet.DispatcherServlet        : Completed initialization in 24 ms
2020-04-11 12:23:22.711  INFO 19666 --- [http-nio-8012-exec-10] o.s.c.c.s.e.NativeEnvironmentRepository  : Adding property source: file:///home/mohammedamine/Documents/workspace/master-microservices/git-localconfig-repo/application.properties
2020-04-11 12:23:34.375  INFO 19666 --- [http-nio-8012-exec-4] o.s.c.c.s.e.NativeEnvironmentRepository  : Adding property source: file:///home/mohammedamine/Documents/workspace/master-microservices/git-localconfig-repo/application.properties
2020-04-11 12:23:52.747  INFO 19666 --- [http-nio-8012-exec-9] o.s.c.c.s.e.NativeEnvironmentRepository  : Adding property source: file:///home/mohammedamine/Documents/workspace/master-microservices/git-localconfig-repo/application.properties
2020-04-11 12:24:45.300  INFO 19666 --- [http-nio-8012-exec-8] o.s.c.c.s.e.NativeEnvironmentRepository  : Adding property source: file:///home/mohammedamine/Documents/workspace/master-microservices/git-localconfig-repo/application.properties
2020-04-11 12:24:53.252  INFO 19666 --- [http-nio-8012-exec-5] o.s.c.c.s.e.NativeEnvironmentRepository  : Adding property source: file:///home/mohammedamine/Documents/workspace/master-microservices/git-localconfig-repo/application.properties
2020-04-11 12:31:19.993  INFO 19666 --- [http-nio-8012-exec-6] o.s.c.c.s.e.NativeEnvironmentRepository  : Adding property source: file:///home/mohammedamine/Documents/workspace/master-microservices/git-localconfig-repo/application.properties
2020-04-11 12:31:30.815  INFO 19666 --- [http-nio-8012-exec-7] o.s.c.c.s.e.NativeEnvironmentRepository  : Adding property source: file:///home/mohammedamine/Documents/workspace/master-microservices/git-localconfig-repo/application.properties
2020-04-11 12:31:46.847  INFO 19666 --- [http-nio-8012-exec-2] o.s.c.c.s.e.NativeEnvironmentRepository  : Adding property source: file:///home/mohammedamine/Documents/workspace/master-microservices/git-localconfig-repo/application.properties
2020-04-11 12:32:07.929  INFO 19666 --- [http-nio-8012-exec-1] o.s.c.c.s.e.NativeEnvironmentRepository  : Adding property source: file:///home/mohammedamine/Documents/workspace/master-microservices/git-localconfig-repo/application.properties
2020-04-11 12:32:15.290  INFO 19666 --- [http-nio-8012-exec-10] o.s.c.c.s.e.NativeEnvironmentRepository  : Adding property source: file:///home/mohammedamine/Documents/workspace/master-microservices/git-localconfig-repo/application.properties
2020-04-11 14:22:13.167  INFO 19666 --- [SpringContextShutdownHook] o.s.a.r.l.SimpleMessageListenerContainer : Waiting for workers to finish.
2020-04-11 14:22:13.731  INFO 19666 --- [SpringContextShutdownHook] o.s.a.r.l.SimpleMessageListenerContainer : Successfully waited for workers to finish.
2020-04-11 14:22:13.732  INFO 19666 --- [SpringContextShutdownHook] o.s.i.a.i.AmqpInboundChannelAdapter      : stopped bean 'inbound.springCloudBus.anonymous.sftD0B0zQzKAnGgPaheoTw'
2020-04-11 14:22:13.778  INFO 19666 --- [SpringContextShutdownHook] o.s.c.stream.binder.BinderErrorChannel   : Channel 'application-1.springCloudBus.anonymous.sftD0B0zQzKAnGgPaheoTw.errors' has 1 subscriber(s).
2020-04-11 14:22:13.783  INFO 19666 --- [SpringContextShutdownHook] o.s.c.stream.binder.BinderErrorChannel   : Channel 'application-1.springCloudBus.anonymous.sftD0B0zQzKAnGgPaheoTw.errors' has 0 subscriber(s).
2020-04-11 14:22:13.804  INFO 19666 --- [SpringContextShutdownHook] o.s.i.endpoint.EventDrivenConsumer       : Removing {logging-channel-adapter:_org.springframework.integration.errorLogger} as a subscriber to the 'errorChannel' channel
2020-04-11 14:22:13.805  INFO 19666 --- [SpringContextShutdownHook] o.s.i.channel.PublishSubscribeChannel    : Channel 'application-1.errorChannel' has 0 subscriber(s).
2020-04-11 14:22:13.805  INFO 19666 --- [SpringContextShutdownHook] o.s.i.endpoint.EventDrivenConsumer       : stopped bean '_org.springframework.integration.errorLogger'
2020-04-11 14:22:13.830  INFO 19666 --- [SpringContextShutdownHook] o.s.s.concurrent.ThreadPoolTaskExecutor  : Shutting down ExecutorService 'applicationTaskExecutor'
2020-04-11 14:22:13.837  INFO 19666 --- [SpringContextShutdownHook] o.s.s.c.ThreadPoolTaskScheduler          : Shutting down ExecutorService 'taskScheduler'
2020-04-11 14:22:13.875  INFO 19666 --- [SpringContextShutdownHook] o.s.i.monitor.IntegrationMBeanExporter   : Summary on shutdown: nullChannel
2020-04-11 14:22:13.876  INFO 19666 --- [SpringContextShutdownHook] o.s.i.monitor.IntegrationMBeanExporter   : Summary on shutdown: bean 'springCloudBusOutput'
2020-04-11 14:22:13.876  INFO 19666 --- [SpringContextShutdownHook] o.s.i.monitor.IntegrationMBeanExporter   : Summary on shutdown: bean 'springCloudBusInput'
2020-04-11 14:22:13.876  INFO 19666 --- [SpringContextShutdownHook] o.s.i.monitor.IntegrationMBeanExporter   : Summary on shutdown: bean 'errorChannel'
2020-04-11 14:22:13.877  INFO 19666 --- [SpringContextShutdownHook] o.s.i.monitor.IntegrationMBeanExporter   : Summary on shutdown: org.springframework.cloud.stream.binding.StreamListenerMessageHandler@3a6055d0
2020-04-11 14:22:13.878  INFO 19666 --- [SpringContextShutdownHook] o.s.i.monitor.IntegrationMBeanExporter   : Summary on shutdown: bean '_org.springframework.integration.errorLogger.handler' for component '_org.springframework.integration.errorLogger'
