2020-04-11 12:32:07.776  INFO 21340 --- [main] c.c.c.ConfigServicePropertySourceLocator : Fetching config from server at : http://localhost:8012
2020-04-11 12:32:07.960  INFO 21340 --- [main] c.c.c.ConfigServicePropertySourceLocator : Located environment: name=cloud-config, profiles=[default], label=null, version=null, state=null
2020-04-11 12:32:07.961  INFO 21340 --- [main] b.c.PropertySourceBootstrapConfiguration : Located property source: [BootstrapPropertySource {name='bootstrapProperties-file:///home/mohammedamine/Documents/workspace/master-microservices/git-localconfig-repo/application.properties'}]
2020-04-11 12:32:08.041  INFO 21340 --- [main] c.q.ZuulApiGatewayServerApplication      : No active profile set, falling back to default profiles: default
2020-04-11 12:32:09.384  WARN 21340 --- [main] o.s.boot.actuate.endpoint.EndpointId     : Endpoint ID 'bus-env' contains invalid characters, please migrate to a valid format.
2020-04-11 12:32:09.732  WARN 21340 --- [main] o.s.boot.actuate.endpoint.EndpointId     : Endpoint ID 'bus-refresh' contains invalid characters, please migrate to a valid format.
2020-04-11 12:32:09.832  WARN 21340 --- [main] o.s.boot.actuate.endpoint.EndpointId     : Endpoint ID 'service-registry' contains invalid characters, please migrate to a valid format.
2020-04-11 12:32:09.858  WARN 21340 --- [main] o.s.boot.actuate.endpoint.EndpointId     : Endpoint ID 'hystrix.stream' contains invalid characters, please migrate to a valid format.
2020-04-11 12:32:10.185  INFO 21340 --- [main] o.s.cloud.context.scope.GenericScope     : BeanFactory id=860a9167-64e7-337b-88a4-db2e708bbd96
2020-04-11 12:32:10.319  INFO 21340 --- [main] faultConfiguringBeanFactoryPostProcessor : No bean named 'errorChannel' has been explicitly defined. Therefore, a default PublishSubscribeChannel will be created.
2020-04-11 12:32:10.325  INFO 21340 --- [main] faultConfiguringBeanFactoryPostProcessor : No bean named 'taskScheduler' has been explicitly defined. Therefore, a default ThreadPoolTaskScheduler will be created.
2020-04-11 12:32:10.331  INFO 21340 --- [main] faultConfiguringBeanFactoryPostProcessor : No bean named 'integrationHeaderChannelRegistry' has been explicitly defined. Therefore, a default DefaultHeaderChannelRegistry will be created.
2020-04-11 12:32:10.479  INFO 21340 --- [main] trationDelegate$BeanPostProcessorChecker : Bean 'integrationChannelResolver' of type [org.springframework.integration.support.channel.BeanFactoryChannelResolver] is not eligible for getting processed by all BeanPostProcessors (for example: not eligible for auto-proxying)
2020-04-11 12:32:10.626  INFO 21340 --- [main] trationDelegate$BeanPostProcessorChecker : Bean 'integrationDisposableAutoCreatedBeans' of type [org.springframework.integration.config.annotation.Disposables] is not eligible for getting processed by all BeanPostProcessors (for example: not eligible for auto-proxying)
2020-04-11 12:32:10.653  INFO 21340 --- [main] trationDelegate$BeanPostProcessorChecker : Bean 'org.springframework.integration.config.IntegrationManagementConfiguration' of type [org.springframework.integration.config.IntegrationManagementConfiguration] is not eligible for getting processed by all BeanPostProcessors (for example: not eligible for auto-proxying)
2020-04-11 12:32:10.662  INFO 21340 --- [main] trationDelegate$BeanPostProcessorChecker : Bean 'org.springframework.boot.autoconfigure.integration.IntegrationAutoConfiguration$IntegrationJmxConfiguration' of type [org.springframework.boot.autoconfigure.integration.IntegrationAutoConfiguration$IntegrationJmxConfiguration] is not eligible for getting processed by all BeanPostProcessors (for example: not eligible for auto-proxying)
2020-04-11 12:32:10.672  INFO 21340 --- [main] trationDelegate$BeanPostProcessorChecker : Bean 'org.springframework.boot.autoconfigure.jmx.JmxAutoConfiguration' of type [org.springframework.boot.autoconfigure.jmx.JmxAutoConfiguration] is not eligible for getting processed by all BeanPostProcessors (for example: not eligible for auto-proxying)
2020-04-11 12:32:10.695  INFO 21340 --- [main] trationDelegate$BeanPostProcessorChecker : Bean 'mbeanServer' of type [com.sun.jmx.mbeanserver.JmxMBeanServer] is not eligible for getting processed by all BeanPostProcessors (for example: not eligible for auto-proxying)
2020-04-11 12:32:11.172  INFO 21340 --- [main] o.s.b.w.embedded.tomcat.TomcatWebServer  : Tomcat initialized with port(s): 8011 (http)
2020-04-11 12:32:11.180  INFO 21340 --- [main] o.apache.catalina.core.StandardService   : Starting service [Tomcat]
2020-04-11 12:32:11.181  INFO 21340 --- [main] org.apache.catalina.core.StandardEngine  : Starting Servlet engine: [Apache Tomcat/9.0.33]
2020-04-11 12:32:11.297  INFO 21340 --- [main] o.a.c.c.C.[Tomcat].[localhost].[/]       : Initializing Spring embedded WebApplicationContext
2020-04-11 12:32:11.298  INFO 21340 --- [main] o.s.web.context.ContextLoader            : Root WebApplicationContext: initialization completed in 3217 ms
2020-04-11 12:32:11.420  WARN 21340 --- [main] c.n.c.sources.URLConfigurationSource     : No URLs will be polled as dynamic configuration sources.
2020-04-11 12:32:11.420  INFO 21340 --- [main] c.n.c.sources.URLConfigurationSource     : To enable URLs as dynamic configuration sources, define System property archaius.configurationSource.additionalUrls or make config.properties available on classpath.
2020-04-11 12:32:11.429  INFO 21340 --- [main] c.netflix.config.DynamicPropertyFactory  : DynamicPropertyFactory is initialized with configuration sources: com.netflix.config.ConcurrentCompositeConfiguration@d625f938
2020-04-11 12:32:12.542  INFO 21340 --- [main] o.s.s.c.ThreadPoolTaskScheduler          : Initializing ExecutorService 'taskScheduler'
2020-04-11 12:32:13.036  INFO 21340 --- [main] .s.s.UserDetailsServiceAutoConfiguration : 

Using generated security password: 07dd84c1-291d-48d2-a825-a63e4d08101a

2020-04-11 12:32:13.143  INFO 21340 --- [main] o.s.s.web.DefaultSecurityFilterChain     : Creating filter chain: any request, [org.springframework.security.web.context.request.async.WebAsyncManagerIntegrationFilter@e9c93848, org.springframework.security.web.context.SecurityContextPersistenceFilter@94dc7d35, org.springframework.security.web.header.HeaderWriterFilter@df5fc608, org.springframework.security.web.authentication.logout.LogoutFilter@51b21842, com.quickapp.security.AuthorizationFilter@ce6c9d9c, org.springframework.security.web.savedrequest.RequestCacheAwareFilter@5b53ed0b, org.springframework.security.web.servletapi.SecurityContextHolderAwareRequestFilter@74e044d1, org.springframework.security.web.authentication.AnonymousAuthenticationFilter@eacd758e, org.springframework.security.web.session.SessionManagementFilter@435d0207, org.springframework.security.web.access.ExceptionTranslationFilter@10e67f4d, org.springframework.security.web.access.intercept.FilterSecurityInterceptor@14ebaf23]
2020-04-11 12:32:13.165  WARN 21340 --- [main] c.n.c.sources.URLConfigurationSource     : No URLs will be polled as dynamic configuration sources.
2020-04-11 12:32:13.165  INFO 21340 --- [main] c.n.c.sources.URLConfigurationSource     : To enable URLs as dynamic configuration sources, define System property archaius.configurationSource.additionalUrls or make config.properties available on classpath.
2020-04-11 12:32:13.295  INFO 21340 --- [main] o.s.s.concurrent.ThreadPoolTaskExecutor  : Initializing ExecutorService 'applicationTaskExecutor'
2020-04-11 12:32:13.720  INFO 21340 --- [main] onConfiguration$FunctionBindingRegistrar : Functional binding is disabled due to the presense of @EnableBinding annotation in your configuration
2020-04-11 12:32:14.046  WARN 21340 --- [main] ockingLoadBalancerClientRibbonWarnLogger : You already have RibbonLoadBalancerClient on your classpath. It will be used by default. As Spring Cloud Ribbon is in maintenance mode. We recommend switching to BlockingLoadBalancerClient instead. In order to use it, set the value of `spring.cloud.loadbalancer.ribbon.enabled` to `false` or remove spring-cloud-starter-netflix-ribbon from your project.
2020-04-11 12:32:14.254  INFO 21340 --- [main] o.s.c.n.zuul.ZuulFilterInitializer       : Starting filter initializer
2020-04-11 12:32:14.283  INFO 21340 --- [main] o.s.b.a.e.web.EndpointLinksResolver      : Exposing 3 endpoint(s) beneath base path '/actuator'
2020-04-11 12:32:14.424  INFO 21340 --- [main] o.s.c.s.m.DirectWithAttributesChannel    : Channel 'application-1.springCloudBusInput' has 1 subscriber(s).
2020-04-11 12:32:14.590  INFO 21340 --- [main] o.s.i.monitor.IntegrationMBeanExporter   : Registering MessageChannel springCloudBusInput
2020-04-11 12:32:14.755  INFO 21340 --- [main] o.s.i.monitor.IntegrationMBeanExporter   : Registering MessageChannel springCloudBusOutput
2020-04-11 12:32:14.790  INFO 21340 --- [main] o.s.i.monitor.IntegrationMBeanExporter   : Registering MessageChannel nullChannel
2020-04-11 12:32:14.827  INFO 21340 --- [main] o.s.i.monitor.IntegrationMBeanExporter   : Registering MessageChannel errorChannel
2020-04-11 12:32:14.907  INFO 21340 --- [main] o.s.i.monitor.IntegrationMBeanExporter   : Registering MessageHandler errorLogger
2020-04-11 12:32:14.945  INFO 21340 --- [main] o.s.i.monitor.IntegrationMBeanExporter   : Registering MessageHandler org.springframework.cloud.stream.binding.StreamListenerMessageHandler@f7f2e7e8
2020-04-11 12:32:15.090  INFO 21340 --- [main] o.s.i.endpoint.EventDrivenConsumer       : Adding {logging-channel-adapter:_org.springframework.integration.errorLogger} as a subscriber to the 'errorChannel' channel
2020-04-11 12:32:15.091  INFO 21340 --- [main] o.s.i.channel.PublishSubscribeChannel    : Channel 'application-1.errorChannel' has 1 subscriber(s).
2020-04-11 12:32:15.091  INFO 21340 --- [main] o.s.i.endpoint.EventDrivenConsumer       : started bean '_org.springframework.integration.errorLogger'
2020-04-11 12:32:15.239  INFO 21340 --- [main] c.c.c.ConfigServicePropertySourceLocator : Fetching config from server at : http://localhost:8012
2020-04-11 12:32:15.300  INFO 21340 --- [main] c.c.c.ConfigServicePropertySourceLocator : Located environment: name=cloud-config, profiles=[default], label=null, version=null, state=null
2020-04-11 12:32:15.301  INFO 21340 --- [main] b.c.PropertySourceBootstrapConfiguration : Located property source: [BootstrapPropertySource {name='bootstrapProperties-file:///home/mohammedamine/Documents/workspace/master-microservices/git-localconfig-repo/application.properties'}]
2020-04-11 12:32:15.619  INFO 21340 --- [main] o.s.c.n.eureka.InstanceInfoFactory       : Setting initial instance status as: STARTING
2020-04-11 12:32:15.649  INFO 21340 --- [main] com.netflix.discovery.DiscoveryClient    : Initializing Eureka in region us-east-1
2020-04-11 12:32:15.694  INFO 21340 --- [main] c.n.d.provider.DiscoveryJerseyProvider   : Using JSON encoding codec LegacyJacksonJson
2020-04-11 12:32:15.695  INFO 21340 --- [main] c.n.d.provider.DiscoveryJerseyProvider   : Using JSON decoding codec LegacyJacksonJson
2020-04-11 12:32:15.811  INFO 21340 --- [main] c.n.d.provider.DiscoveryJerseyProvider   : Using XML encoding codec XStreamXml
2020-04-11 12:32:15.811  INFO 21340 --- [main] c.n.d.provider.DiscoveryJerseyProvider   : Using XML decoding codec XStreamXml
2020-04-11 12:32:16.115  INFO 21340 --- [main] c.n.d.s.r.aws.ConfigClusterResolver      : Resolving eureka endpoints via configuration
2020-04-11 12:32:16.149  INFO 21340 --- [main] com.netflix.discovery.DiscoveryClient    : Disable delta property : false
2020-04-11 12:32:16.150  INFO 21340 --- [main] com.netflix.discovery.DiscoveryClient    : Single vip registry refresh property : null
2020-04-11 12:32:16.150  INFO 21340 --- [main] com.netflix.discovery.DiscoveryClient    : Force full registry fetch : false
2020-04-11 12:32:16.150  INFO 21340 --- [main] com.netflix.discovery.DiscoveryClient    : Application is null : false
2020-04-11 12:32:16.150  INFO 21340 --- [main] com.netflix.discovery.DiscoveryClient    : Registered Applications size is zero : true
2020-04-11 12:32:16.151  INFO 21340 --- [main] com.netflix.discovery.DiscoveryClient    : Application version is -1: true
2020-04-11 12:32:16.151  INFO 21340 --- [main] com.netflix.discovery.DiscoveryClient    : Getting all instance registry info from the eureka server
2020-04-11 12:32:16.299  INFO 21340 --- [main] com.netflix.discovery.DiscoveryClient    : The response status is 200
2020-04-11 12:32:16.303  INFO 21340 --- [main] com.netflix.discovery.DiscoveryClient    : Starting heartbeat executor: renew interval is: 30
2020-04-11 12:32:16.305  INFO 21340 --- [main] c.n.discovery.InstanceInfoReplicator     : InstanceInfoReplicator onDemand update allowed rate per min is 4
2020-04-11 12:32:16.310  INFO 21340 --- [main] com.netflix.discovery.DiscoveryClient    : Discovery Client initialized at timestamp 1586604736309 with initial instances count: 2
2020-04-11 12:32:16.528  INFO 21340 --- [main] o.s.a.r.c.CachingConnectionFactory       : Attempting to connect to: [localhost:5672]
2020-04-11 12:32:16.584  INFO 21340 --- [main] o.s.a.r.c.CachingConnectionFactory       : Created new connection: rabbitConnectionFactory#767522:0/SimpleConnection@3542f79d [delegate=amqp://guest@127.0.0.1:5672/, localPort= 52536]
2020-04-11 12:32:16.675  INFO 21340 --- [main] o.s.c.s.m.DirectWithAttributesChannel    : Channel 'application-1.springCloudBusOutput' has 1 subscriber(s).
2020-04-11 12:32:16.678  INFO 21340 --- [main] o.s.c.n.e.s.EurekaServiceRegistry        : Registering application ZUUL-WS with eureka with status UP
2020-04-11 12:32:16.679  INFO 21340 --- [main] com.netflix.discovery.DiscoveryClient    : Saw local status change event StatusChangeEvent [timestamp=1586604736679, current=UP, previous=STARTING]
2020-04-11 12:32:16.684  INFO 21340 --- [DiscoveryClient-InstanceInfoReplicator-0] com.netflix.discovery.DiscoveryClient    : DiscoveryClient_ZUUL-WS/10.10.92.54:zuul-ws:8011: registering service...
2020-04-11 12:32:16.810  INFO 21340 --- [DiscoveryClient-InstanceInfoReplicator-0] com.netflix.discovery.DiscoveryClient    : DiscoveryClient_ZUUL-WS/10.10.92.54:zuul-ws:8011 - registration status: 204
2020-04-11 12:32:16.895  INFO 21340 --- [main] c.s.b.r.p.RabbitExchangeQueueProvisioner : declaring queue for inbound: springCloudBus.anonymous.NsBxKeBqRUSuVllna2yefQ, bound to: springCloudBus
2020-04-11 12:32:16.955  INFO 21340 --- [main] o.s.c.stream.binder.BinderErrorChannel   : Channel 'springCloudBus.anonymous.NsBxKeBqRUSuVllna2yefQ.errors' has 1 subscriber(s).
2020-04-11 12:32:16.956  INFO 21340 --- [main] o.s.c.stream.binder.BinderErrorChannel   : Channel 'springCloudBus.anonymous.NsBxKeBqRUSuVllna2yefQ.errors' has 2 subscriber(s).
2020-04-11 12:32:16.991  INFO 21340 --- [main] o.s.i.a.i.AmqpInboundChannelAdapter      : started bean 'inbound.springCloudBus.anonymous.NsBxKeBqRUSuVllna2yefQ'
2020-04-11 12:32:17.012  INFO 21340 --- [main] o.s.i.monitor.IntegrationMBeanExporter   : Registering MessageChannel springCloudBus.anonymous.NsBxKeBqRUSuVllna2yefQ.errors
2020-04-11 12:32:17.295  INFO 21340 --- [main] o.s.b.w.embedded.tomcat.TomcatWebServer  : Tomcat started on port(s): 8011 (http) with context path ''
2020-04-11 12:32:17.297  INFO 21340 --- [main] .s.c.n.e.s.EurekaAutoServiceRegistration : Updating port to 8011
2020-04-11 12:32:17.307  INFO 21340 --- [main] c.q.ZuulApiGatewayServerApplication      : Started ZuulApiGatewayServerApplication in 11.773 seconds (JVM running for 12.423)
2020-04-11 12:37:16.155  INFO 21340 --- [AsyncResolver-bootstrap-executor-0] c.n.d.s.r.aws.ConfigClusterResolver      : Resolving eureka endpoints via configuration
2020-04-11 12:42:16.157  INFO 21340 --- [AsyncResolver-bootstrap-executor-0] c.n.d.s.r.aws.ConfigClusterResolver      : Resolving eureka endpoints via configuration
2020-04-11 12:47:16.157  INFO 21340 --- [AsyncResolver-bootstrap-executor-0] c.n.d.s.r.aws.ConfigClusterResolver      : Resolving eureka endpoints via configuration
2020-04-11 12:52:16.159  INFO 21340 --- [AsyncResolver-bootstrap-executor-0] c.n.d.s.r.aws.ConfigClusterResolver      : Resolving eureka endpoints via configuration
2020-04-11 12:57:16.160  INFO 21340 --- [AsyncResolver-bootstrap-executor-0] c.n.d.s.r.aws.ConfigClusterResolver      : Resolving eureka endpoints via configuration
2020-04-11 13:02:16.160  INFO 21340 --- [AsyncResolver-bootstrap-executor-0] c.n.d.s.r.aws.ConfigClusterResolver      : Resolving eureka endpoints via configuration
2020-04-11 13:07:16.161  INFO 21340 --- [AsyncResolver-bootstrap-executor-0] c.n.d.s.r.aws.ConfigClusterResolver      : Resolving eureka endpoints via configuration
2020-04-11 13:12:16.163  INFO 21340 --- [AsyncResolver-bootstrap-executor-0] c.n.d.s.r.aws.ConfigClusterResolver      : Resolving eureka endpoints via configuration
2020-04-11 13:17:16.164  INFO 21340 --- [AsyncResolver-bootstrap-executor-0] c.n.d.s.r.aws.ConfigClusterResolver      : Resolving eureka endpoints via configuration
2020-04-11 13:22:16.165  INFO 21340 --- [AsyncResolver-bootstrap-executor-0] c.n.d.s.r.aws.ConfigClusterResolver      : Resolving eureka endpoints via configuration
2020-04-11 13:27:16.166  INFO 21340 --- [AsyncResolver-bootstrap-executor-0] c.n.d.s.r.aws.ConfigClusterResolver      : Resolving eureka endpoints via configuration
2020-04-11 13:32:16.167  INFO 21340 --- [AsyncResolver-bootstrap-executor-0] c.n.d.s.r.aws.ConfigClusterResolver      : Resolving eureka endpoints via configuration
2020-04-11 13:37:16.168  INFO 21340 --- [AsyncResolver-bootstrap-executor-0] c.n.d.s.r.aws.ConfigClusterResolver      : Resolving eureka endpoints via configuration
2020-04-11 13:42:16.182  INFO 21340 --- [AsyncResolver-bootstrap-executor-0] c.n.d.s.r.aws.ConfigClusterResolver      : Resolving eureka endpoints via configuration
2020-04-11 13:47:16.183  INFO 21340 --- [AsyncResolver-bootstrap-executor-0] c.n.d.s.r.aws.ConfigClusterResolver      : Resolving eureka endpoints via configuration
2020-04-11 13:52:16.185  INFO 21340 --- [AsyncResolver-bootstrap-executor-0] c.n.d.s.r.aws.ConfigClusterResolver      : Resolving eureka endpoints via configuration
2020-04-11 13:57:16.187  INFO 21340 --- [AsyncResolver-bootstrap-executor-0] c.n.d.s.r.aws.ConfigClusterResolver      : Resolving eureka endpoints via configuration
2020-04-11 14:02:16.188  INFO 21340 --- [AsyncResolver-bootstrap-executor-0] c.n.d.s.r.aws.ConfigClusterResolver      : Resolving eureka endpoints via configuration
2020-04-11 14:07:16.189  INFO 21340 --- [AsyncResolver-bootstrap-executor-0] c.n.d.s.r.aws.ConfigClusterResolver      : Resolving eureka endpoints via configuration
2020-04-11 14:12:16.190  INFO 21340 --- [AsyncResolver-bootstrap-executor-0] c.n.d.s.r.aws.ConfigClusterResolver      : Resolving eureka endpoints via configuration
2020-04-11 14:17:16.192  INFO 21340 --- [AsyncResolver-bootstrap-executor-0] c.n.d.s.r.aws.ConfigClusterResolver      : Resolving eureka endpoints via configuration
2020-04-11 14:22:12.885  INFO 21340 --- [SpringContextShutdownHook] o.s.c.n.e.s.EurekaServiceRegistry        : Unregistering application ZUUL-WS with eureka with status DOWN
2020-04-11 14:22:12.888  WARN 21340 --- [SpringContextShutdownHook] com.netflix.discovery.DiscoveryClient    : Saw local status change event StatusChangeEvent [timestamp=1586611332888, current=DOWN, previous=UP]
2020-04-11 14:22:12.889  INFO 21340 --- [DiscoveryClient-InstanceInfoReplicator-0] com.netflix.discovery.DiscoveryClient    : DiscoveryClient_ZUUL-WS/10.10.92.54:zuul-ws:8011: registering service...
2020-04-11 14:22:12.901  INFO 21340 --- [DiscoveryClient-InstanceInfoReplicator-0] com.netflix.discovery.DiscoveryClient    : DiscoveryClient_ZUUL-WS/10.10.92.54:zuul-ws:8011 - registration status: 204
2020-04-11 14:22:12.988  INFO 21340 --- [SpringContextShutdownHook] o.s.a.r.l.SimpleMessageListenerContainer : Waiting for workers to finish.
2020-04-11 14:22:13.153  INFO 21340 --- [SpringContextShutdownHook] o.s.a.r.l.SimpleMessageListenerContainer : Successfully waited for workers to finish.
2020-04-11 14:22:13.153  INFO 21340 --- [SpringContextShutdownHook] o.s.i.a.i.AmqpInboundChannelAdapter      : stopped bean 'inbound.springCloudBus.anonymous.NsBxKeBqRUSuVllna2yefQ'
2020-04-11 14:22:13.168  INFO 21340 --- [SpringContextShutdownHook] o.s.c.stream.binder.BinderErrorChannel   : Channel 'application-1.springCloudBus.anonymous.NsBxKeBqRUSuVllna2yefQ.errors' has 1 subscriber(s).
2020-04-11 14:22:13.185  INFO 21340 --- [SpringContextShutdownHook] o.s.c.stream.binder.BinderErrorChannel   : Channel 'application-1.springCloudBus.anonymous.NsBxKeBqRUSuVllna2yefQ.errors' has 0 subscriber(s).
2020-04-11 14:22:13.213  INFO 21340 --- [SpringContextShutdownHook] o.s.i.endpoint.EventDrivenConsumer       : Removing {logging-channel-adapter:_org.springframework.integration.errorLogger} as a subscriber to the 'errorChannel' channel
2020-04-11 14:22:13.214  INFO 21340 --- [SpringContextShutdownHook] o.s.i.channel.PublishSubscribeChannel    : Channel 'application-1.errorChannel' has 0 subscriber(s).
2020-04-11 14:22:13.214  INFO 21340 --- [SpringContextShutdownHook] o.s.i.endpoint.EventDrivenConsumer       : stopped bean '_org.springframework.integration.errorLogger'
2020-04-11 14:22:13.221  INFO 21340 --- [SpringContextShutdownHook] o.s.c.n.zuul.ZuulFilterInitializer       : Stopping filter initializer
2020-04-11 14:22:13.297  INFO 21340 --- [SpringContextShutdownHook] o.s.s.concurrent.ThreadPoolTaskExecutor  : Shutting down ExecutorService 'applicationTaskExecutor'
2020-04-11 14:22:13.373  INFO 21340 --- [SpringContextShutdownHook] o.s.s.c.ThreadPoolTaskScheduler          : Shutting down ExecutorService 'taskScheduler'
2020-04-11 14:22:13.416  INFO 21340 --- [SpringContextShutdownHook] o.s.i.monitor.IntegrationMBeanExporter   : Summary on shutdown: bean 'springCloudBusInput'
2020-04-11 14:22:13.417  INFO 21340 --- [SpringContextShutdownHook] o.s.i.monitor.IntegrationMBeanExporter   : Summary on shutdown: bean 'springCloudBusOutput'
2020-04-11 14:22:13.417  INFO 21340 --- [SpringContextShutdownHook] o.s.i.monitor.IntegrationMBeanExporter   : Summary on shutdown: nullChannel
2020-04-11 14:22:13.418  INFO 21340 --- [SpringContextShutdownHook] o.s.i.monitor.IntegrationMBeanExporter   : Summary on shutdown: bean 'errorChannel'
2020-04-11 14:22:13.418  INFO 21340 --- [SpringContextShutdownHook] o.s.i.monitor.IntegrationMBeanExporter   : Summary on shutdown: bean '_org.springframework.integration.errorLogger.handler' for component '_org.springframework.integration.errorLogger'
2020-04-11 14:22:13.418  INFO 21340 --- [SpringContextShutdownHook] o.s.i.monitor.IntegrationMBeanExporter   : Summary on shutdown: org.springframework.cloud.stream.binding.StreamListenerMessageHandler@f7f2e7e8
2020-04-11 14:22:13.425  INFO 21340 --- [SpringContextShutdownHook] com.netflix.discovery.DiscoveryClient    : Shutting down DiscoveryClient ...
2020-04-11 14:22:16.195  INFO 21340 --- [AsyncResolver-bootstrap-executor-0] c.n.d.s.r.aws.ConfigClusterResolver      : Resolving eureka endpoints via configuration
2020-04-11 14:22:16.429  INFO 21340 --- [SpringContextShutdownHook] com.netflix.discovery.DiscoveryClient    : Unregistering ...
2020-04-11 14:22:16.443 ERROR 21340 --- [SpringContextShutdownHook] c.n.d.s.t.d.RedirectingEurekaHttpClient  : Request execution error. endpoint=DefaultEndpoint{ serviceUrl='http://localhost:8010/eureka/}

com.sun.jersey.api.client.ClientHandlerException: java.net.ConnectException: Connection refused (Connection refused)
	at com.sun.jersey.client.apache4.ApacheHttpClient4Handler.handle(ApacheHttpClient4Handler.java:187) ~[jersey-apache-client4-1.19.1.jar:1.19.1]
	at com.sun.jersey.api.client.filter.GZIPContentEncodingFilter.handle(GZIPContentEncodingFilter.java:123) ~[jersey-client-1.19.1.jar:1.19.1]
	at com.netflix.discovery.EurekaIdentityHeaderFilter.handle(EurekaIdentityHeaderFilter.java:27) ~[eureka-client-1.9.17.jar:1.9.17]
	at com.sun.jersey.api.client.Client.handle(Client.java:652) ~[jersey-client-1.19.1.jar:1.19.1]
	at com.sun.jersey.api.client.WebResource.handle(WebResource.java:682) ~[jersey-client-1.19.1.jar:1.19.1]
	at com.sun.jersey.api.client.WebResource.access$200(WebResource.java:74) ~[jersey-client-1.19.1.jar:1.19.1]
	at com.sun.jersey.api.client.WebResource$Builder.delete(WebResource.java:591) ~[jersey-client-1.19.1.jar:1.19.1]
	at com.netflix.discovery.shared.transport.jersey.AbstractJerseyEurekaHttpClient.cancel(AbstractJerseyEurekaHttpClient.java:77) ~[eureka-client-1.9.17.jar:1.9.17]
	at com.netflix.discovery.shared.transport.decorator.EurekaHttpClientDecorator$2.execute(EurekaHttpClientDecorator.java:74) [eureka-client-1.9.17.jar:1.9.17]
	at com.netflix.discovery.shared.transport.decorator.MetricsCollectingEurekaHttpClient.execute(MetricsCollectingEurekaHttpClient.java:73) ~[eureka-client-1.9.17.jar:1.9.17]
	at com.netflix.discovery.shared.transport.decorator.EurekaHttpClientDecorator.cancel(EurekaHttpClientDecorator.java:71) [eureka-client-1.9.17.jar:1.9.17]
	at com.netflix.discovery.shared.transport.decorator.EurekaHttpClientDecorator$2.execute(EurekaHttpClientDecorator.java:74) [eureka-client-1.9.17.jar:1.9.17]
	at com.netflix.discovery.shared.transport.decorator.RedirectingEurekaHttpClient.execute(RedirectingEurekaHttpClient.java:89) ~[eureka-client-1.9.17.jar:1.9.17]
	at com.netflix.discovery.shared.transport.decorator.EurekaHttpClientDecorator.cancel(EurekaHttpClientDecorator.java:71) [eureka-client-1.9.17.jar:1.9.17]
	at com.netflix.discovery.shared.transport.decorator.EurekaHttpClientDecorator$2.execute(EurekaHttpClientDecorator.java:74) [eureka-client-1.9.17.jar:1.9.17]
	at com.netflix.discovery.shared.transport.decorator.RetryableEurekaHttpClient.execute(RetryableEurekaHttpClient.java:120) [eureka-client-1.9.17.jar:1.9.17]
	at com.netflix.discovery.shared.transport.decorator.EurekaHttpClientDecorator.cancel(EurekaHttpClientDecorator.java:71) [eureka-client-1.9.17.jar:1.9.17]
	at com.netflix.discovery.shared.transport.decorator.EurekaHttpClientDecorator$2.execute(EurekaHttpClientDecorator.java:74) [eureka-client-1.9.17.jar:1.9.17]
	at com.netflix.discovery.shared.transport.decorator.SessionedEurekaHttpClient.execute(SessionedEurekaHttpClient.java:77) [eureka-client-1.9.17.jar:1.9.17]
	at com.netflix.discovery.shared.transport.decorator.EurekaHttpClientDecorator.cancel(EurekaHttpClientDecorator.java:71) [eureka-client-1.9.17.jar:1.9.17]
	at com.netflix.discovery.DiscoveryClient.unregister(DiscoveryClient.java:946) [eureka-client-1.9.17.jar:1.9.17]
	at com.netflix.discovery.DiscoveryClient.shutdown(DiscoveryClient.java:922) [eureka-client-1.9.17.jar:1.9.17]
	at sun.reflect.NativeMethodAccessorImpl.invoke0(Native Method) ~[na:1.8.0_242]
	at sun.reflect.NativeMethodAccessorImpl.invoke(NativeMethodAccessorImpl.java:62) ~[na:1.8.0_242]
	at sun.reflect.DelegatingMethodAccessorImpl.invoke(DelegatingMethodAccessorImpl.java:43) ~[na:1.8.0_242]
	at java.lang.reflect.Method.invoke(Method.java:498) ~[na:1.8.0_242]
	at org.springframework.beans.factory.annotation.InitDestroyAnnotationBeanPostProcessor$LifecycleElement.invoke(InitDestroyAnnotationBeanPostProcessor.java:389) [spring-beans-5.2.5.RELEASE.jar:5.2.5.RELEASE]
	at org.springframework.beans.factory.annotation.InitDestroyAnnotationBeanPostProcessor$LifecycleMetadata.invokeDestroyMethods(InitDestroyAnnotationBeanPostProcessor.java:347) [spring-beans-5.2.5.RELEASE.jar:5.2.5.RELEASE]
	at org.springframework.beans.factory.annotation.InitDestroyAnnotationBeanPostProcessor.postProcessBeforeDestruction(InitDestroyAnnotationBeanPostProcessor.java:177) [spring-beans-5.2.5.RELEASE.jar:5.2.5.RELEASE]
	at org.springframework.beans.factory.support.DisposableBeanAdapter.destroy(DisposableBeanAdapter.java:242) [spring-beans-5.2.5.RELEASE.jar:5.2.5.RELEASE]
	at org.springframework.beans.factory.support.DisposableBeanAdapter.run(DisposableBeanAdapter.java:235) [spring-beans-5.2.5.RELEASE.jar:5.2.5.RELEASE]
	at org.springframework.cloud.context.scope.GenericScope$BeanLifecycleWrapper.destroy(GenericScope.java:403) [spring-cloud-context-2.2.2.RELEASE.jar:2.2.2.RELEASE]
	at org.springframework.cloud.context.scope.GenericScope.destroy(GenericScope.java:142) [spring-cloud-context-2.2.2.RELEASE.jar:2.2.2.RELEASE]
	at org.springframework.beans.factory.support.DisposableBeanAdapter.destroy(DisposableBeanAdapter.java:258) [spring-beans-5.2.5.RELEASE.jar:5.2.5.RELEASE]
	at org.springframework.beans.factory.support.DefaultSingletonBeanRegistry.destroyBean(DefaultSingletonBeanRegistry.java:571) [spring-beans-5.2.5.RELEASE.jar:5.2.5.RELEASE]
	at org.springframework.beans.factory.support.DefaultSingletonBeanRegistry.destroySingleton(DefaultSingletonBeanRegistry.java:543) [spring-beans-5.2.5.RELEASE.jar:5.2.5.RELEASE]
	at org.springframework.beans.factory.support.DefaultListableBeanFactory.destroySingleton(DefaultListableBeanFactory.java:1075) [spring-beans-5.2.5.RELEASE.jar:5.2.5.RELEASE]
	at org.springframework.beans.factory.support.DefaultSingletonBeanRegistry.destroySingletons(DefaultSingletonBeanRegistry.java:504) [spring-beans-5.2.5.RELEASE.jar:5.2.5.RELEASE]
	at org.springframework.beans.factory.support.DefaultListableBeanFactory.destroySingletons(DefaultListableBeanFactory.java:1068) [spring-beans-5.2.5.RELEASE.jar:5.2.5.RELEASE]
	at org.springframework.context.support.AbstractApplicationContext.destroyBeans(AbstractApplicationContext.java:1060) [spring-context-5.2.5.RELEASE.jar:5.2.5.RELEASE]
	at org.springframework.context.support.AbstractApplicationContext.doClose(AbstractApplicationContext.java:1029) [spring-context-5.2.5.RELEASE.jar:5.2.5.RELEASE]
	at org.springframework.context.support.AbstractApplicationContext$1.run(AbstractApplicationContext.java:948) [spring-context-5.2.5.RELEASE.jar:5.2.5.RELEASE]
Caused by: java.net.ConnectException: Connection refused (Connection refused)
	at java.net.AbstractPlainSocketImpl.doConnect(AbstractPlainSocketImpl.java:350) ~[na:1.8.0_242]
	at java.net.AbstractPlainSocketImpl.connectToAddress(AbstractPlainSocketImpl.java:206) ~[na:1.8.0_242]
	at java.net.AbstractPlainSocketImpl.connect(AbstractPlainSocketImpl.java:188) ~[na:1.8.0_242]
	at java.net.SocksSocketImpl.connect(SocksSocketImpl.java:392) ~[na:1.8.0_242]
	at java.net.Socket.connect(Socket.java:607) ~[na:1.8.0_242]
	at org.apache.http.conn.scheme.PlainSocketFactory.connectSocket(PlainSocketFactory.java:121) ~[httpclient-4.5.12.jar:4.5.12]
	at org.apache.http.impl.conn.DefaultClientConnectionOperator.openConnection(DefaultClientConnectionOperator.java:180) ~[httpclient-4.5.12.jar:4.5.12]
	at org.apache.http.impl.conn.AbstractPoolEntry.open(AbstractPoolEntry.java:144) ~[httpclient-4.5.12.jar:4.5.12]
	at org.apache.http.impl.conn.AbstractPooledConnAdapter.open(AbstractPooledConnAdapter.java:134) ~[httpclient-4.5.12.jar:4.5.12]
	at org.apache.http.impl.client.DefaultRequestDirector.tryConnect(DefaultRequestDirector.java:605) ~[httpclient-4.5.12.jar:4.5.12]
	at org.apache.http.impl.client.DefaultRequestDirector.execute(DefaultRequestDirector.java:440) ~[httpclient-4.5.12.jar:4.5.12]
	at org.apache.http.impl.client.AbstractHttpClient.doExecute(AbstractHttpClient.java:835) ~[httpclient-4.5.12.jar:4.5.12]
	at org.apache.http.impl.client.CloseableHttpClient.execute(CloseableHttpClient.java:118) ~[httpclient-4.5.12.jar:4.5.12]
	at org.apache.http.impl.client.CloseableHttpClient.execute(CloseableHttpClient.java:56) ~[httpclient-4.5.12.jar:4.5.12]
	at com.sun.jersey.client.apache4.ApacheHttpClient4Handler.handle(ApacheHttpClient4Handler.java:173) ~[jersey-apache-client4-1.19.1.jar:1.19.1]
	... 41 common frames omitted

2020-04-11 14:22:16.446  WARN 21340 --- [SpringContextShutdownHook] c.n.d.s.t.d.RetryableEurekaHttpClient    : Request execution failed with message: java.net.ConnectException: Connection refused (Connection refused)
2020-04-11 14:22:16.448 ERROR 21340 --- [SpringContextShutdownHook] c.n.d.s.t.d.RedirectingEurekaHttpClient  : Request execution error. endpoint=DefaultEndpoint{ serviceUrl='http://localhost:8010/eureka/}

com.sun.jersey.api.client.ClientHandlerException: java.net.ConnectException: Connection refused (Connection refused)
	at com.sun.jersey.client.apache4.ApacheHttpClient4Handler.handle(ApacheHttpClient4Handler.java:187) ~[jersey-apache-client4-1.19.1.jar:1.19.1]
	at com.sun.jersey.api.client.filter.GZIPContentEncodingFilter.handle(GZIPContentEncodingFilter.java:123) ~[jersey-client-1.19.1.jar:1.19.1]
	at com.netflix.discovery.EurekaIdentityHeaderFilter.handle(EurekaIdentityHeaderFilter.java:27) ~[eureka-client-1.9.17.jar:1.9.17]
	at com.sun.jersey.api.client.Client.handle(Client.java:652) ~[jersey-client-1.19.1.jar:1.19.1]
	at com.sun.jersey.api.client.WebResource.handle(WebResource.java:682) ~[jersey-client-1.19.1.jar:1.19.1]
	at com.sun.jersey.api.client.WebResource.access$200(WebResource.java:74) ~[jersey-client-1.19.1.jar:1.19.1]
	at com.sun.jersey.api.client.WebResource$Builder.delete(WebResource.java:591) ~[jersey-client-1.19.1.jar:1.19.1]
	at com.netflix.discovery.shared.transport.jersey.AbstractJerseyEurekaHttpClient.cancel(AbstractJerseyEurekaHttpClient.java:77) ~[eureka-client-1.9.17.jar:1.9.17]
	at com.netflix.discovery.shared.transport.decorator.EurekaHttpClientDecorator$2.execute(EurekaHttpClientDecorator.java:74) [eureka-client-1.9.17.jar:1.9.17]
	at com.netflix.discovery.shared.transport.decorator.MetricsCollectingEurekaHttpClient.execute(MetricsCollectingEurekaHttpClient.java:73) ~[eureka-client-1.9.17.jar:1.9.17]
	at com.netflix.discovery.shared.transport.decorator.EurekaHttpClientDecorator.cancel(EurekaHttpClientDecorator.java:71) [eureka-client-1.9.17.jar:1.9.17]
	at com.netflix.discovery.shared.transport.decorator.EurekaHttpClientDecorator$2.execute(EurekaHttpClientDecorator.java:74) [eureka-client-1.9.17.jar:1.9.17]
	at com.netflix.discovery.shared.transport.decorator.RedirectingEurekaHttpClient.executeOnNewServer(RedirectingEurekaHttpClient.java:118) ~[eureka-client-1.9.17.jar:1.9.17]
	at com.netflix.discovery.shared.transport.decorator.RedirectingEurekaHttpClient.execute(RedirectingEurekaHttpClient.java:79) ~[eureka-client-1.9.17.jar:1.9.17]
	at com.netflix.discovery.shared.transport.decorator.EurekaHttpClientDecorator.cancel(EurekaHttpClientDecorator.java:71) [eureka-client-1.9.17.jar:1.9.17]
	at com.netflix.discovery.shared.transport.decorator.EurekaHttpClientDecorator$2.execute(EurekaHttpClientDecorator.java:74) [eureka-client-1.9.17.jar:1.9.17]
	at com.netflix.discovery.shared.transport.decorator.RetryableEurekaHttpClient.execute(RetryableEurekaHttpClient.java:120) [eureka-client-1.9.17.jar:1.9.17]
	at com.netflix.discovery.shared.transport.decorator.EurekaHttpClientDecorator.cancel(EurekaHttpClientDecorator.java:71) [eureka-client-1.9.17.jar:1.9.17]
	at com.netflix.discovery.shared.transport.decorator.EurekaHttpClientDecorator$2.execute(EurekaHttpClientDecorator.java:74) [eureka-client-1.9.17.jar:1.9.17]
	at com.netflix.discovery.shared.transport.decorator.SessionedEurekaHttpClient.execute(SessionedEurekaHttpClient.java:77) [eureka-client-1.9.17.jar:1.9.17]
	at com.netflix.discovery.shared.transport.decorator.EurekaHttpClientDecorator.cancel(EurekaHttpClientDecorator.java:71) [eureka-client-1.9.17.jar:1.9.17]
	at com.netflix.discovery.DiscoveryClient.unregister(DiscoveryClient.java:946) [eureka-client-1.9.17.jar:1.9.17]
	at com.netflix.discovery.DiscoveryClient.shutdown(DiscoveryClient.java:922) [eureka-client-1.9.17.jar:1.9.17]
	at sun.reflect.NativeMethodAccessorImpl.invoke0(Native Method) ~[na:1.8.0_242]
	at sun.reflect.NativeMethodAccessorImpl.invoke(NativeMethodAccessorImpl.java:62) ~[na:1.8.0_242]
	at sun.reflect.DelegatingMethodAccessorImpl.invoke(DelegatingMethodAccessorImpl.java:43) ~[na:1.8.0_242]
	at java.lang.reflect.Method.invoke(Method.java:498) ~[na:1.8.0_242]
	at org.springframework.beans.factory.annotation.InitDestroyAnnotationBeanPostProcessor$LifecycleElement.invoke(InitDestroyAnnotationBeanPostProcessor.java:389) [spring-beans-5.2.5.RELEASE.jar:5.2.5.RELEASE]
	at org.springframework.beans.factory.annotation.InitDestroyAnnotationBeanPostProcessor$LifecycleMetadata.invokeDestroyMethods(InitDestroyAnnotationBeanPostProcessor.java:347) [spring-beans-5.2.5.RELEASE.jar:5.2.5.RELEASE]
	at org.springframework.beans.factory.annotation.InitDestroyAnnotationBeanPostProcessor.postProcessBeforeDestruction(InitDestroyAnnotationBeanPostProcessor.java:177) [spring-beans-5.2.5.RELEASE.jar:5.2.5.RELEASE]
	at org.springframework.beans.factory.support.DisposableBeanAdapter.destroy(DisposableBeanAdapter.java:242) [spring-beans-5.2.5.RELEASE.jar:5.2.5.RELEASE]
	at org.springframework.beans.factory.support.DisposableBeanAdapter.run(DisposableBeanAdapter.java:235) [spring-beans-5.2.5.RELEASE.jar:5.2.5.RELEASE]
	at org.springframework.cloud.context.scope.GenericScope$BeanLifecycleWrapper.destroy(GenericScope.java:403) [spring-cloud-context-2.2.2.RELEASE.jar:2.2.2.RELEASE]
	at org.springframework.cloud.context.scope.GenericScope.destroy(GenericScope.java:142) [spring-cloud-context-2.2.2.RELEASE.jar:2.2.2.RELEASE]
	at org.springframework.beans.factory.support.DisposableBeanAdapter.destroy(DisposableBeanAdapter.java:258) [spring-beans-5.2.5.RELEASE.jar:5.2.5.RELEASE]
	at org.springframework.beans.factory.support.DefaultSingletonBeanRegistry.destroyBean(DefaultSingletonBeanRegistry.java:571) [spring-beans-5.2.5.RELEASE.jar:5.2.5.RELEASE]
	at org.springframework.beans.factory.support.DefaultSingletonBeanRegistry.destroySingleton(DefaultSingletonBeanRegistry.java:543) [spring-beans-5.2.5.RELEASE.jar:5.2.5.RELEASE]
	at org.springframework.beans.factory.support.DefaultListableBeanFactory.destroySingleton(DefaultListableBeanFactory.java:1075) [spring-beans-5.2.5.RELEASE.jar:5.2.5.RELEASE]
	at org.springframework.beans.factory.support.DefaultSingletonBeanRegistry.destroySingletons(DefaultSingletonBeanRegistry.java:504) [spring-beans-5.2.5.RELEASE.jar:5.2.5.RELEASE]
	at org.springframework.beans.factory.support.DefaultListableBeanFactory.destroySingletons(DefaultListableBeanFactory.java:1068) [spring-beans-5.2.5.RELEASE.jar:5.2.5.RELEASE]
	at org.springframework.context.support.AbstractApplicationContext.destroyBeans(AbstractApplicationContext.java:1060) [spring-context-5.2.5.RELEASE.jar:5.2.5.RELEASE]
	at org.springframework.context.support.AbstractApplicationContext.doClose(AbstractApplicationContext.java:1029) [spring-context-5.2.5.RELEASE.jar:5.2.5.RELEASE]
	at org.springframework.context.support.AbstractApplicationContext$1.run(AbstractApplicationContext.java:948) [spring-context-5.2.5.RELEASE.jar:5.2.5.RELEASE]
Caused by: java.net.ConnectException: Connection refused (Connection refused)
	at java.net.AbstractPlainSocketImpl.doConnect(AbstractPlainSocketImpl.java:350) ~[na:1.8.0_242]
	at java.net.AbstractPlainSocketImpl.connectToAddress(AbstractPlainSocketImpl.java:206) ~[na:1.8.0_242]
	at java.net.AbstractPlainSocketImpl.connect(AbstractPlainSocketImpl.java:188) ~[na:1.8.0_242]
	at java.net.SocksSocketImpl.connect(SocksSocketImpl.java:392) ~[na:1.8.0_242]
	at java.net.Socket.connect(Socket.java:607) ~[na:1.8.0_242]
	at org.apache.http.conn.scheme.PlainSocketFactory.connectSocket(PlainSocketFactory.java:121) ~[httpclient-4.5.12.jar:4.5.12]
	at org.apache.http.impl.conn.DefaultClientConnectionOperator.openConnection(DefaultClientConnectionOperator.java:180) ~[httpclient-4.5.12.jar:4.5.12]
	at org.apache.http.impl.conn.AbstractPoolEntry.open(AbstractPoolEntry.java:144) ~[httpclient-4.5.12.jar:4.5.12]
	at org.apache.http.impl.conn.AbstractPooledConnAdapter.open(AbstractPooledConnAdapter.java:134) ~[httpclient-4.5.12.jar:4.5.12]
	at org.apache.http.impl.client.DefaultRequestDirector.tryConnect(DefaultRequestDirector.java:605) ~[httpclient-4.5.12.jar:4.5.12]
	at org.apache.http.impl.client.DefaultRequestDirector.execute(DefaultRequestDirector.java:440) ~[httpclient-4.5.12.jar:4.5.12]
	at org.apache.http.impl.client.AbstractHttpClient.doExecute(AbstractHttpClient.java:835) ~[httpclient-4.5.12.jar:4.5.12]
	at org.apache.http.impl.client.CloseableHttpClient.execute(CloseableHttpClient.java:118) ~[httpclient-4.5.12.jar:4.5.12]
	at org.apache.http.impl.client.CloseableHttpClient.execute(CloseableHttpClient.java:56) ~[httpclient-4.5.12.jar:4.5.12]
	at com.sun.jersey.client.apache4.ApacheHttpClient4Handler.handle(ApacheHttpClient4Handler.java:173) ~[jersey-apache-client4-1.19.1.jar:1.19.1]
	... 42 common frames omitted

2020-04-11 14:22:16.452  WARN 21340 --- [SpringContextShutdownHook] c.n.d.s.t.d.RetryableEurekaHttpClient    : Request execution failed with message: java.net.ConnectException: Connection refused (Connection refused)
2020-04-11 14:22:16.456 ERROR 21340 --- [SpringContextShutdownHook] com.netflix.discovery.DiscoveryClient    : DiscoveryClient_ZUUL-WS/10.10.92.54:zuul-ws:8011 - de-registration failedCannot execute request on any known server

com.netflix.discovery.shared.transport.TransportException: Cannot execute request on any known server
	at com.netflix.discovery.shared.transport.decorator.RetryableEurekaHttpClient.execute(RetryableEurekaHttpClient.java:112) ~[eureka-client-1.9.17.jar:1.9.17]
	at com.netflix.discovery.shared.transport.decorator.EurekaHttpClientDecorator.cancel(EurekaHttpClientDecorator.java:71) ~[eureka-client-1.9.17.jar:1.9.17]
	at com.netflix.discovery.shared.transport.decorator.EurekaHttpClientDecorator$2.execute(EurekaHttpClientDecorator.java:74) ~[eureka-client-1.9.17.jar:1.9.17]
	at com.netflix.discovery.shared.transport.decorator.SessionedEurekaHttpClient.execute(SessionedEurekaHttpClient.java:77) ~[eureka-client-1.9.17.jar:1.9.17]
	at com.netflix.discovery.shared.transport.decorator.EurekaHttpClientDecorator.cancel(EurekaHttpClientDecorator.java:71) ~[eureka-client-1.9.17.jar:1.9.17]
	at com.netflix.discovery.DiscoveryClient.unregister(DiscoveryClient.java:946) [eureka-client-1.9.17.jar:1.9.17]
	at com.netflix.discovery.DiscoveryClient.shutdown(DiscoveryClient.java:922) [eureka-client-1.9.17.jar:1.9.17]
	at sun.reflect.NativeMethodAccessorImpl.invoke0(Native Method) ~[na:1.8.0_242]
	at sun.reflect.NativeMethodAccessorImpl.invoke(NativeMethodAccessorImpl.java:62) ~[na:1.8.0_242]
	at sun.reflect.DelegatingMethodAccessorImpl.invoke(DelegatingMethodAccessorImpl.java:43) ~[na:1.8.0_242]
	at java.lang.reflect.Method.invoke(Method.java:498) ~[na:1.8.0_242]
	at org.springframework.beans.factory.annotation.InitDestroyAnnotationBeanPostProcessor$LifecycleElement.invoke(InitDestroyAnnotationBeanPostProcessor.java:389) [spring-beans-5.2.5.RELEASE.jar:5.2.5.RELEASE]
	at org.springframework.beans.factory.annotation.InitDestroyAnnotationBeanPostProcessor$LifecycleMetadata.invokeDestroyMethods(InitDestroyAnnotationBeanPostProcessor.java:347) [spring-beans-5.2.5.RELEASE.jar:5.2.5.RELEASE]
	at org.springframework.beans.factory.annotation.InitDestroyAnnotationBeanPostProcessor.postProcessBeforeDestruction(InitDestroyAnnotationBeanPostProcessor.java:177) [spring-beans-5.2.5.RELEASE.jar:5.2.5.RELEASE]
	at org.springframework.beans.factory.support.DisposableBeanAdapter.destroy(DisposableBeanAdapter.java:242) [spring-beans-5.2.5.RELEASE.jar:5.2.5.RELEASE]
	at org.springframework.beans.factory.support.DisposableBeanAdapter.run(DisposableBeanAdapter.java:235) [spring-beans-5.2.5.RELEASE.jar:5.2.5.RELEASE]
	at org.springframework.cloud.context.scope.GenericScope$BeanLifecycleWrapper.destroy(GenericScope.java:403) [spring-cloud-context-2.2.2.RELEASE.jar:2.2.2.RELEASE]
	at org.springframework.cloud.context.scope.GenericScope.destroy(GenericScope.java:142) [spring-cloud-context-2.2.2.RELEASE.jar:2.2.2.RELEASE]
	at org.springframework.beans.factory.support.DisposableBeanAdapter.destroy(DisposableBeanAdapter.java:258) [spring-beans-5.2.5.RELEASE.jar:5.2.5.RELEASE]
	at org.springframework.beans.factory.support.DefaultSingletonBeanRegistry.destroyBean(DefaultSingletonBeanRegistry.java:571) [spring-beans-5.2.5.RELEASE.jar:5.2.5.RELEASE]
	at org.springframework.beans.factory.support.DefaultSingletonBeanRegistry.destroySingleton(DefaultSingletonBeanRegistry.java:543) [spring-beans-5.2.5.RELEASE.jar:5.2.5.RELEASE]
	at org.springframework.beans.factory.support.DefaultListableBeanFactory.destroySingleton(DefaultListableBeanFactory.java:1075) [spring-beans-5.2.5.RELEASE.jar:5.2.5.RELEASE]
	at org.springframework.beans.factory.support.DefaultSingletonBeanRegistry.destroySingletons(DefaultSingletonBeanRegistry.java:504) [spring-beans-5.2.5.RELEASE.jar:5.2.5.RELEASE]
	at org.springframework.beans.factory.support.DefaultListableBeanFactory.destroySingletons(DefaultListableBeanFactory.java:1068) [spring-beans-5.2.5.RELEASE.jar:5.2.5.RELEASE]
	at org.springframework.context.support.AbstractApplicationContext.destroyBeans(AbstractApplicationContext.java:1060) [spring-context-5.2.5.RELEASE.jar:5.2.5.RELEASE]
	at org.springframework.context.support.AbstractApplicationContext.doClose(AbstractApplicationContext.java:1029) [spring-context-5.2.5.RELEASE.jar:5.2.5.RELEASE]
	at org.springframework.context.support.AbstractApplicationContext$1.run(AbstractApplicationContext.java:948) [spring-context-5.2.5.RELEASE.jar:5.2.5.RELEASE]

2020-04-11 14:22:16.498  INFO 21340 --- [SpringContextShutdownHook] com.netflix.discovery.DiscoveryClient    : Completed shut down of DiscoveryClient
2020-04-11 20:09:45.065  INFO 8165 --- [main] c.c.c.ConfigServicePropertySourceLocator : Fetching config from server at : http://localhost:8012
2020-04-11 20:09:45.369  INFO 8165 --- [main] c.c.c.ConfigServicePropertySourceLocator : Located environment: name=cloud-config, profiles=[default], label=null, version=null, state=null
2020-04-11 20:09:45.372  INFO 8165 --- [main] b.c.PropertySourceBootstrapConfiguration : Located property source: [BootstrapPropertySource {name='bootstrapProperties-file:///home/mohammedamine/Documents/workspace/master-microservices/git-localconfig-repo/application.properties'}]
2020-04-11 20:09:45.477  INFO 8165 --- [main] c.q.ZuulApiGatewayServerApplication      : No active profile set, falling back to default profiles: default
2020-04-11 20:09:46.338  WARN 8165 --- [main] o.s.boot.actuate.endpoint.EndpointId     : Endpoint ID 'bus-env' contains invalid characters, please migrate to a valid format.
2020-04-11 20:09:46.624  WARN 8165 --- [main] o.s.boot.actuate.endpoint.EndpointId     : Endpoint ID 'bus-refresh' contains invalid characters, please migrate to a valid format.
2020-04-11 20:09:46.708  WARN 8165 --- [main] o.s.boot.actuate.endpoint.EndpointId     : Endpoint ID 'service-registry' contains invalid characters, please migrate to a valid format.
2020-04-11 20:09:46.734  WARN 8165 --- [main] o.s.boot.actuate.endpoint.EndpointId     : Endpoint ID 'hystrix.stream' contains invalid characters, please migrate to a valid format.
2020-04-11 20:09:47.016  INFO 8165 --- [main] o.s.cloud.context.scope.GenericScope     : BeanFactory id=860a9167-64e7-337b-88a4-db2e708bbd96
2020-04-11 20:09:47.132  INFO 8165 --- [main] faultConfiguringBeanFactoryPostProcessor : No bean named 'errorChannel' has been explicitly defined. Therefore, a default PublishSubscribeChannel will be created.
2020-04-11 20:09:47.137  INFO 8165 --- [main] faultConfiguringBeanFactoryPostProcessor : No bean named 'taskScheduler' has been explicitly defined. Therefore, a default ThreadPoolTaskScheduler will be created.
2020-04-11 20:09:47.141  INFO 8165 --- [main] faultConfiguringBeanFactoryPostProcessor : No bean named 'integrationHeaderChannelRegistry' has been explicitly defined. Therefore, a default DefaultHeaderChannelRegistry will be created.
2020-04-11 20:09:47.261  INFO 8165 --- [main] trationDelegate$BeanPostProcessorChecker : Bean 'integrationChannelResolver' of type [org.springframework.integration.support.channel.BeanFactoryChannelResolver] is not eligible for getting processed by all BeanPostProcessors (for example: not eligible for auto-proxying)
2020-04-11 20:09:47.387  INFO 8165 --- [main] trationDelegate$BeanPostProcessorChecker : Bean 'integrationDisposableAutoCreatedBeans' of type [org.springframework.integration.config.annotation.Disposables] is not eligible for getting processed by all BeanPostProcessors (for example: not eligible for auto-proxying)
2020-04-11 20:09:47.406  INFO 8165 --- [main] trationDelegate$BeanPostProcessorChecker : Bean 'org.springframework.integration.config.IntegrationManagementConfiguration' of type [org.springframework.integration.config.IntegrationManagementConfiguration] is not eligible for getting processed by all BeanPostProcessors (for example: not eligible for auto-proxying)
2020-04-11 20:09:47.413  INFO 8165 --- [main] trationDelegate$BeanPostProcessorChecker : Bean 'org.springframework.boot.autoconfigure.integration.IntegrationAutoConfiguration$IntegrationJmxConfiguration' of type [org.springframework.boot.autoconfigure.integration.IntegrationAutoConfiguration$IntegrationJmxConfiguration] is not eligible for getting processed by all BeanPostProcessors (for example: not eligible for auto-proxying)
2020-04-11 20:09:47.421  INFO 8165 --- [main] trationDelegate$BeanPostProcessorChecker : Bean 'org.springframework.boot.autoconfigure.jmx.JmxAutoConfiguration' of type [org.springframework.boot.autoconfigure.jmx.JmxAutoConfiguration] is not eligible for getting processed by all BeanPostProcessors (for example: not eligible for auto-proxying)
2020-04-11 20:09:47.426  INFO 8165 --- [main] trationDelegate$BeanPostProcessorChecker : Bean 'mbeanServer' of type [com.sun.jmx.mbeanserver.JmxMBeanServer] is not eligible for getting processed by all BeanPostProcessors (for example: not eligible for auto-proxying)
2020-04-11 20:09:47.836  INFO 8165 --- [main] o.s.b.w.embedded.tomcat.TomcatWebServer  : Tomcat initialized with port(s): 8011 (http)
2020-04-11 20:09:47.843  INFO 8165 --- [main] o.apache.catalina.core.StandardService   : Starting service [Tomcat]
2020-04-11 20:09:47.844  INFO 8165 --- [main] org.apache.catalina.core.StandardEngine  : Starting Servlet engine: [Apache Tomcat/9.0.33]
2020-04-11 20:09:47.945  INFO 8165 --- [main] o.a.c.c.C.[Tomcat].[localhost].[/]       : Initializing Spring embedded WebApplicationContext
2020-04-11 20:09:47.946  INFO 8165 --- [main] o.s.web.context.ContextLoader            : Root WebApplicationContext: initialization completed in 2453 ms
2020-04-11 20:09:48.056  WARN 8165 --- [main] c.n.c.sources.URLConfigurationSource     : No URLs will be polled as dynamic configuration sources.
2020-04-11 20:09:48.057  INFO 8165 --- [main] c.n.c.sources.URLConfigurationSource     : To enable URLs as dynamic configuration sources, define System property archaius.configurationSource.additionalUrls or make config.properties available on classpath.
2020-04-11 20:09:48.070  INFO 8165 --- [main] c.netflix.config.DynamicPropertyFactory  : DynamicPropertyFactory is initialized with configuration sources: com.netflix.config.ConcurrentCompositeConfiguration@bae94164
2020-04-11 20:09:48.955  INFO 8165 --- [main] o.s.s.c.ThreadPoolTaskScheduler          : Initializing ExecutorService 'taskScheduler'
2020-04-11 20:09:49.420  INFO 8165 --- [main] .s.s.UserDetailsServiceAutoConfiguration : 

Using generated security password: eef24e2a-c446-4ed9-b027-0a5366e08745

2020-04-11 20:09:49.502  INFO 8165 --- [main] o.s.s.web.DefaultSecurityFilterChain     : Creating filter chain: any request, [org.springframework.security.web.context.request.async.WebAsyncManagerIntegrationFilter@e3568387, org.springframework.security.web.context.SecurityContextPersistenceFilter@61e73734, org.springframework.security.web.header.HeaderWriterFilter@526cd0d6, org.springframework.security.web.authentication.logout.LogoutFilter@e076ed15, com.quickapp.security.AuthorizationFilter@61090019, org.springframework.security.web.savedrequest.RequestCacheAwareFilter@f15f9554, org.springframework.security.web.servletapi.SecurityContextHolderAwareRequestFilter@d677b94a, org.springframework.security.web.authentication.AnonymousAuthenticationFilter@3281a3cb, org.springframework.security.web.session.SessionManagementFilter@bbd8c8d7, org.springframework.security.web.access.ExceptionTranslationFilter@87fd4ab6, org.springframework.security.web.access.intercept.FilterSecurityInterceptor@bf02544b]
2020-04-11 20:09:49.526  WARN 8165 --- [main] c.n.c.sources.URLConfigurationSource     : No URLs will be polled as dynamic configuration sources.
2020-04-11 20:09:49.526  INFO 8165 --- [main] c.n.c.sources.URLConfigurationSource     : To enable URLs as dynamic configuration sources, define System property archaius.configurationSource.additionalUrls or make config.properties available on classpath.
2020-04-11 20:09:49.629  INFO 8165 --- [main] o.s.s.concurrent.ThreadPoolTaskExecutor  : Initializing ExecutorService 'applicationTaskExecutor'
2020-04-11 20:09:49.945  INFO 8165 --- [main] onConfiguration$FunctionBindingRegistrar : Functional binding is disabled due to the presense of @EnableBinding annotation in your configuration
2020-04-11 20:09:50.209  WARN 8165 --- [main] ockingLoadBalancerClientRibbonWarnLogger : You already have RibbonLoadBalancerClient on your classpath. It will be used by default. As Spring Cloud Ribbon is in maintenance mode. We recommend switching to BlockingLoadBalancerClient instead. In order to use it, set the value of `spring.cloud.loadbalancer.ribbon.enabled` to `false` or remove spring-cloud-starter-netflix-ribbon from your project.
2020-04-11 20:09:50.413  INFO 8165 --- [main] o.s.c.n.zuul.ZuulFilterInitializer       : Starting filter initializer
2020-04-11 20:09:50.440  INFO 8165 --- [main] o.s.b.a.e.web.EndpointLinksResolver      : Exposing 3 endpoint(s) beneath base path '/actuator'
2020-04-11 20:09:50.543  INFO 8165 --- [main] o.s.c.s.m.DirectWithAttributesChannel    : Channel 'application-1.springCloudBusInput' has 1 subscriber(s).
2020-04-11 20:09:50.694  INFO 8165 --- [main] o.s.i.monitor.IntegrationMBeanExporter   : Registering MessageChannel springCloudBusOutput
2020-04-11 20:09:50.801  INFO 8165 --- [main] o.s.i.monitor.IntegrationMBeanExporter   : Registering MessageChannel nullChannel
2020-04-11 20:09:50.831  INFO 8165 --- [main] o.s.i.monitor.IntegrationMBeanExporter   : Registering MessageChannel errorChannel
2020-04-11 20:09:50.908  INFO 8165 --- [main] o.s.i.monitor.IntegrationMBeanExporter   : Registering MessageChannel springCloudBusInput
2020-04-11 20:09:50.942  INFO 8165 --- [main] o.s.i.monitor.IntegrationMBeanExporter   : Registering MessageHandler errorLogger
2020-04-11 20:09:50.969  INFO 8165 --- [main] o.s.i.monitor.IntegrationMBeanExporter   : Registering MessageHandler org.springframework.cloud.stream.binding.StreamListenerMessageHandler@4916050a
2020-04-11 20:09:51.050  INFO 8165 --- [main] o.s.i.endpoint.EventDrivenConsumer       : Adding {logging-channel-adapter:_org.springframework.integration.errorLogger} as a subscriber to the 'errorChannel' channel
2020-04-11 20:09:51.050  INFO 8165 --- [main] o.s.i.channel.PublishSubscribeChannel    : Channel 'application-1.errorChannel' has 1 subscriber(s).
2020-04-11 20:09:51.050  INFO 8165 --- [main] o.s.i.endpoint.EventDrivenConsumer       : started bean '_org.springframework.integration.errorLogger'
2020-04-11 20:09:51.121  INFO 8165 --- [main] c.c.c.ConfigServicePropertySourceLocator : Fetching config from server at : http://localhost:8012
2020-04-11 20:09:51.207  INFO 8165 --- [main] c.c.c.ConfigServicePropertySourceLocator : Located environment: name=cloud-config, profiles=[default], label=null, version=null, state=null
2020-04-11 20:09:51.208  INFO 8165 --- [main] b.c.PropertySourceBootstrapConfiguration : Located property source: [BootstrapPropertySource {name='bootstrapProperties-file:///home/mohammedamine/Documents/workspace/master-microservices/git-localconfig-repo/application.properties'}]
2020-04-11 20:09:51.451  INFO 8165 --- [main] o.s.c.n.eureka.InstanceInfoFactory       : Setting initial instance status as: STARTING
2020-04-11 20:09:51.514  INFO 8165 --- [main] com.netflix.discovery.DiscoveryClient    : Initializing Eureka in region us-east-1
2020-04-11 20:09:51.559  INFO 8165 --- [main] c.n.d.provider.DiscoveryJerseyProvider   : Using JSON encoding codec LegacyJacksonJson
2020-04-11 20:09:51.560  INFO 8165 --- [main] c.n.d.provider.DiscoveryJerseyProvider   : Using JSON decoding codec LegacyJacksonJson
2020-04-11 20:09:51.652  INFO 8165 --- [main] c.n.d.provider.DiscoveryJerseyProvider   : Using XML encoding codec XStreamXml
2020-04-11 20:09:51.652  INFO 8165 --- [main] c.n.d.provider.DiscoveryJerseyProvider   : Using XML decoding codec XStreamXml
2020-04-11 20:09:51.839  INFO 8165 --- [main] c.n.d.s.r.aws.ConfigClusterResolver      : Resolving eureka endpoints via configuration
2020-04-11 20:09:51.865  INFO 8165 --- [main] com.netflix.discovery.DiscoveryClient    : Disable delta property : false
2020-04-11 20:09:51.865  INFO 8165 --- [main] com.netflix.discovery.DiscoveryClient    : Single vip registry refresh property : null
2020-04-11 20:09:51.866  INFO 8165 --- [main] com.netflix.discovery.DiscoveryClient    : Force full registry fetch : false
2020-04-11 20:09:51.866  INFO 8165 --- [main] com.netflix.discovery.DiscoveryClient    : Application is null : false
2020-04-11 20:09:51.866  INFO 8165 --- [main] com.netflix.discovery.DiscoveryClient    : Registered Applications size is zero : true
2020-04-11 20:09:51.866  INFO 8165 --- [main] com.netflix.discovery.DiscoveryClient    : Application version is -1: true
2020-04-11 20:09:51.866  INFO 8165 --- [main] com.netflix.discovery.DiscoveryClient    : Getting all instance registry info from the eureka server
2020-04-11 20:09:51.958  INFO 8165 --- [main] com.netflix.discovery.DiscoveryClient    : The response status is 200
2020-04-11 20:09:51.960  INFO 8165 --- [main] com.netflix.discovery.DiscoveryClient    : Starting heartbeat executor: renew interval is: 30
2020-04-11 20:09:51.963  INFO 8165 --- [main] c.n.discovery.InstanceInfoReplicator     : InstanceInfoReplicator onDemand update allowed rate per min is 4
2020-04-11 20:09:51.967  INFO 8165 --- [main] com.netflix.discovery.DiscoveryClient    : Discovery Client initialized at timestamp 1586632191966 with initial instances count: 1
2020-04-11 20:09:52.070  INFO 8165 --- [main] o.s.a.r.c.CachingConnectionFactory       : Attempting to connect to: [localhost:5672]
2020-04-11 20:09:52.111  INFO 8165 --- [main] o.s.a.r.c.CachingConnectionFactory       : Created new connection: rabbitConnectionFactory#761419ce:0/SimpleConnection@b361d3bf [delegate=amqp://guest@127.0.0.1:5672/, localPort= 35096]
2020-04-11 20:09:52.144  INFO 8165 --- [main] o.s.c.s.m.DirectWithAttributesChannel    : Channel 'application-1.springCloudBusOutput' has 1 subscriber(s).
2020-04-11 20:09:52.146  INFO 8165 --- [main] o.s.c.n.e.s.EurekaServiceRegistry        : Registering application ZUUL-WS with eureka with status UP
2020-04-11 20:09:52.147  INFO 8165 --- [main] com.netflix.discovery.DiscoveryClient    : Saw local status change event StatusChangeEvent [timestamp=1586632192147, current=UP, previous=STARTING]
2020-04-11 20:09:52.149  INFO 8165 --- [DiscoveryClient-InstanceInfoReplicator-0] com.netflix.discovery.DiscoveryClient    : DiscoveryClient_ZUUL-WS/10.10.92.54:zuul-ws:8011: registering service...
2020-04-11 20:09:52.208  INFO 8165 --- [DiscoveryClient-InstanceInfoReplicator-0] com.netflix.discovery.DiscoveryClient    : DiscoveryClient_ZUUL-WS/10.10.92.54:zuul-ws:8011 - registration status: 204
2020-04-11 20:09:52.225  INFO 8165 --- [main] c.s.b.r.p.RabbitExchangeQueueProvisioner : declaring queue for inbound: springCloudBus.anonymous.ix5sqQTFRy-XW2C9IO36jw, bound to: springCloudBus
2020-04-11 20:09:52.241  INFO 8165 --- [main] o.s.c.stream.binder.BinderErrorChannel   : Channel 'springCloudBus.anonymous.ix5sqQTFRy-XW2C9IO36jw.errors' has 1 subscriber(s).
2020-04-11 20:09:52.241  INFO 8165 --- [main] o.s.c.stream.binder.BinderErrorChannel   : Channel 'springCloudBus.anonymous.ix5sqQTFRy-XW2C9IO36jw.errors' has 2 subscriber(s).
2020-04-11 20:09:52.261  INFO 8165 --- [main] o.s.i.a.i.AmqpInboundChannelAdapter      : started bean 'inbound.springCloudBus.anonymous.ix5sqQTFRy-XW2C9IO36jw'
2020-04-11 20:09:52.274  INFO 8165 --- [main] o.s.i.monitor.IntegrationMBeanExporter   : Registering MessageChannel springCloudBus.anonymous.ix5sqQTFRy-XW2C9IO36jw.errors
2020-04-11 20:09:52.447  INFO 8165 --- [main] o.s.b.w.embedded.tomcat.TomcatWebServer  : Tomcat started on port(s): 8011 (http) with context path ''
2020-04-11 20:09:52.449  INFO 8165 --- [main] .s.c.n.e.s.EurekaAutoServiceRegistration : Updating port to 8011
2020-04-11 20:09:52.453  INFO 8165 --- [main] c.q.ZuulApiGatewayServerApplication      : Started ZuulApiGatewayServerApplication in 8.777 seconds (JVM running for 9.217)
2020-04-11 20:10:01.283  INFO 8165 --- [http-nio-8011-exec-3] o.a.c.c.C.[Tomcat].[localhost].[/]       : Initializing Spring DispatcherServlet 'dispatcherServlet'
2020-04-11 20:10:01.284  INFO 8165 --- [http-nio-8011-exec-3] o.s.web.servlet.DispatcherServlet        : Initializing Servlet 'dispatcherServlet'
2020-04-11 20:10:01.295  INFO 8165 --- [http-nio-8011-exec-3] o.s.web.servlet.DispatcherServlet        : Completed initialization in 11 ms
2020-04-11 20:13:53.223  INFO 8165 --- [SpringContextShutdownHook] o.s.c.n.e.s.EurekaServiceRegistry        : Unregistering application ZUUL-WS with eureka with status DOWN
2020-04-11 20:13:53.223  WARN 8165 --- [SpringContextShutdownHook] com.netflix.discovery.DiscoveryClient    : Saw local status change event StatusChangeEvent [timestamp=1586632433223, current=DOWN, previous=UP]
2020-04-11 20:13:53.224  INFO 8165 --- [DiscoveryClient-InstanceInfoReplicator-0] com.netflix.discovery.DiscoveryClient    : DiscoveryClient_ZUUL-WS/10.10.92.54:zuul-ws:8011: registering service...
2020-04-11 20:13:53.272  INFO 8165 --- [DiscoveryClient-InstanceInfoReplicator-0] com.netflix.discovery.DiscoveryClient    : DiscoveryClient_ZUUL-WS/10.10.92.54:zuul-ws:8011 - registration status: 204
2020-04-11 20:13:53.273  INFO 8165 --- [SpringContextShutdownHook] o.s.a.r.l.SimpleMessageListenerContainer : Waiting for workers to finish.
2020-04-11 20:13:53.329  INFO 8165 --- [SpringContextShutdownHook] o.s.a.r.l.SimpleMessageListenerContainer : Successfully waited for workers to finish.
2020-04-11 20:13:53.330  INFO 8165 --- [SpringContextShutdownHook] o.s.i.a.i.AmqpInboundChannelAdapter      : stopped bean 'inbound.springCloudBus.anonymous.ix5sqQTFRy-XW2C9IO36jw'
2020-04-11 20:13:53.333  INFO 8165 --- [SpringContextShutdownHook] o.s.c.stream.binder.BinderErrorChannel   : Channel 'application-1.springCloudBus.anonymous.ix5sqQTFRy-XW2C9IO36jw.errors' has 1 subscriber(s).
2020-04-11 20:13:53.337  INFO 8165 --- [SpringContextShutdownHook] o.s.c.stream.binder.BinderErrorChannel   : Channel 'application-1.springCloudBus.anonymous.ix5sqQTFRy-XW2C9IO36jw.errors' has 0 subscriber(s).
2020-04-11 20:13:53.362  INFO 8165 --- [SpringContextShutdownHook] o.s.i.endpoint.EventDrivenConsumer       : Removing {logging-channel-adapter:_org.springframework.integration.errorLogger} as a subscriber to the 'errorChannel' channel
2020-04-11 20:13:53.362  INFO 8165 --- [SpringContextShutdownHook] o.s.i.channel.PublishSubscribeChannel    : Channel 'application-1.errorChannel' has 0 subscriber(s).
2020-04-11 20:13:53.372  INFO 8165 --- [SpringContextShutdownHook] o.s.i.endpoint.EventDrivenConsumer       : stopped bean '_org.springframework.integration.errorLogger'
2020-04-11 20:13:53.379  INFO 8165 --- [SpringContextShutdownHook] o.s.c.n.zuul.ZuulFilterInitializer       : Stopping filter initializer
2020-04-11 20:13:53.406  INFO 8165 --- [SpringContextShutdownHook] o.s.s.concurrent.ThreadPoolTaskExecutor  : Shutting down ExecutorService 'applicationTaskExecutor'
2020-04-11 20:13:53.477  INFO 8165 --- [SpringContextShutdownHook] o.s.s.c.ThreadPoolTaskScheduler          : Shutting down ExecutorService 'taskScheduler'
2020-04-11 20:13:53.521  INFO 8165 --- [SpringContextShutdownHook] o.s.i.monitor.IntegrationMBeanExporter   : Summary on shutdown: bean 'springCloudBusOutput'
2020-04-11 20:13:53.522  INFO 8165 --- [SpringContextShutdownHook] o.s.i.monitor.IntegrationMBeanExporter   : Summary on shutdown: nullChannel
2020-04-11 20:13:53.522  INFO 8165 --- [SpringContextShutdownHook] o.s.i.monitor.IntegrationMBeanExporter   : Summary on shutdown: bean 'errorChannel'
2020-04-11 20:13:53.522  INFO 8165 --- [SpringContextShutdownHook] o.s.i.monitor.IntegrationMBeanExporter   : Summary on shutdown: bean 'springCloudBusInput'
2020-04-11 20:13:53.522  INFO 8165 --- [SpringContextShutdownHook] o.s.i.monitor.IntegrationMBeanExporter   : Summary on shutdown: bean '_org.springframework.integration.errorLogger.handler' for component '_org.springframework.integration.errorLogger'
2020-04-11 20:13:53.523  INFO 8165 --- [SpringContextShutdownHook] o.s.i.monitor.IntegrationMBeanExporter   : Summary on shutdown: org.springframework.cloud.stream.binding.StreamListenerMessageHandler@4916050a
2020-04-11 20:13:53.524  INFO 8165 --- [SpringContextShutdownHook] com.netflix.discovery.DiscoveryClient    : Shutting down DiscoveryClient ...
2020-04-11 20:13:56.540  INFO 8165 --- [SpringContextShutdownHook] com.netflix.discovery.DiscoveryClient    : Unregistering ...
2020-04-11 20:13:56.552 ERROR 8165 --- [SpringContextShutdownHook] c.n.d.s.t.d.RedirectingEurekaHttpClient  : Request execution error. endpoint=DefaultEndpoint{ serviceUrl='http://localhost:8010/eureka/}

com.sun.jersey.api.client.ClientHandlerException: java.net.ConnectException: Connection refused (Connection refused)
	at com.sun.jersey.client.apache4.ApacheHttpClient4Handler.handle(ApacheHttpClient4Handler.java:187) ~[jersey-apache-client4-1.19.1.jar:1.19.1]
	at com.sun.jersey.api.client.filter.GZIPContentEncodingFilter.handle(GZIPContentEncodingFilter.java:123) ~[jersey-client-1.19.1.jar:1.19.1]
	at com.netflix.discovery.EurekaIdentityHeaderFilter.handle(EurekaIdentityHeaderFilter.java:27) ~[eureka-client-1.9.17.jar:1.9.17]
	at com.sun.jersey.api.client.Client.handle(Client.java:652) ~[jersey-client-1.19.1.jar:1.19.1]
	at com.sun.jersey.api.client.WebResource.handle(WebResource.java:682) ~[jersey-client-1.19.1.jar:1.19.1]
	at com.sun.jersey.api.client.WebResource.access$200(WebResource.java:74) ~[jersey-client-1.19.1.jar:1.19.1]
	at com.sun.jersey.api.client.WebResource$Builder.delete(WebResource.java:591) ~[jersey-client-1.19.1.jar:1.19.1]
	at com.netflix.discovery.shared.transport.jersey.AbstractJerseyEurekaHttpClient.cancel(AbstractJerseyEurekaHttpClient.java:77) ~[eureka-client-1.9.17.jar:1.9.17]
	at com.netflix.discovery.shared.transport.decorator.EurekaHttpClientDecorator$2.execute(EurekaHttpClientDecorator.java:74) [eureka-client-1.9.17.jar:1.9.17]
	at com.netflix.discovery.shared.transport.decorator.MetricsCollectingEurekaHttpClient.execute(MetricsCollectingEurekaHttpClient.java:73) ~[eureka-client-1.9.17.jar:1.9.17]
	at com.netflix.discovery.shared.transport.decorator.EurekaHttpClientDecorator.cancel(EurekaHttpClientDecorator.java:71) [eureka-client-1.9.17.jar:1.9.17]
	at com.netflix.discovery.shared.transport.decorator.EurekaHttpClientDecorator$2.execute(EurekaHttpClientDecorator.java:74) [eureka-client-1.9.17.jar:1.9.17]
	at com.netflix.discovery.shared.transport.decorator.RedirectingEurekaHttpClient.execute(RedirectingEurekaHttpClient.java:89) ~[eureka-client-1.9.17.jar:1.9.17]
	at com.netflix.discovery.shared.transport.decorator.EurekaHttpClientDecorator.cancel(EurekaHttpClientDecorator.java:71) [eureka-client-1.9.17.jar:1.9.17]
	at com.netflix.discovery.shared.transport.decorator.EurekaHttpClientDecorator$2.execute(EurekaHttpClientDecorator.java:74) [eureka-client-1.9.17.jar:1.9.17]
	at com.netflix.discovery.shared.transport.decorator.RetryableEurekaHttpClient.execute(RetryableEurekaHttpClient.java:120) [eureka-client-1.9.17.jar:1.9.17]
	at com.netflix.discovery.shared.transport.decorator.EurekaHttpClientDecorator.cancel(EurekaHttpClientDecorator.java:71) [eureka-client-1.9.17.jar:1.9.17]
	at com.netflix.discovery.shared.transport.decorator.EurekaHttpClientDecorator$2.execute(EurekaHttpClientDecorator.java:74) [eureka-client-1.9.17.jar:1.9.17]
	at com.netflix.discovery.shared.transport.decorator.SessionedEurekaHttpClient.execute(SessionedEurekaHttpClient.java:77) [eureka-client-1.9.17.jar:1.9.17]
	at com.netflix.discovery.shared.transport.decorator.EurekaHttpClientDecorator.cancel(EurekaHttpClientDecorator.java:71) [eureka-client-1.9.17.jar:1.9.17]
	at com.netflix.discovery.DiscoveryClient.unregister(DiscoveryClient.java:946) [eureka-client-1.9.17.jar:1.9.17]
	at com.netflix.discovery.DiscoveryClient.shutdown(DiscoveryClient.java:922) [eureka-client-1.9.17.jar:1.9.17]
	at sun.reflect.NativeMethodAccessorImpl.invoke0(Native Method) ~[na:1.8.0_242]
	at sun.reflect.NativeMethodAccessorImpl.invoke(NativeMethodAccessorImpl.java:62) ~[na:1.8.0_242]
	at sun.reflect.DelegatingMethodAccessorImpl.invoke(DelegatingMethodAccessorImpl.java:43) ~[na:1.8.0_242]
	at java.lang.reflect.Method.invoke(Method.java:498) ~[na:1.8.0_242]
	at org.springframework.beans.factory.annotation.InitDestroyAnnotationBeanPostProcessor$LifecycleElement.invoke(InitDestroyAnnotationBeanPostProcessor.java:389) [spring-beans-5.2.5.RELEASE.jar:5.2.5.RELEASE]
	at org.springframework.beans.factory.annotation.InitDestroyAnnotationBeanPostProcessor$LifecycleMetadata.invokeDestroyMethods(InitDestroyAnnotationBeanPostProcessor.java:347) [spring-beans-5.2.5.RELEASE.jar:5.2.5.RELEASE]
	at org.springframework.beans.factory.annotation.InitDestroyAnnotationBeanPostProcessor.postProcessBeforeDestruction(InitDestroyAnnotationBeanPostProcessor.java:177) [spring-beans-5.2.5.RELEASE.jar:5.2.5.RELEASE]
	at org.springframework.beans.factory.support.DisposableBeanAdapter.destroy(DisposableBeanAdapter.java:242) [spring-beans-5.2.5.RELEASE.jar:5.2.5.RELEASE]
	at org.springframework.beans.factory.support.DisposableBeanAdapter.run(DisposableBeanAdapter.java:235) [spring-beans-5.2.5.RELEASE.jar:5.2.5.RELEASE]
	at org.springframework.cloud.context.scope.GenericScope$BeanLifecycleWrapper.destroy(GenericScope.java:403) [spring-cloud-context-2.2.2.RELEASE.jar:2.2.2.RELEASE]
	at org.springframework.cloud.context.scope.GenericScope.destroy(GenericScope.java:142) [spring-cloud-context-2.2.2.RELEASE.jar:2.2.2.RELEASE]
	at org.springframework.beans.factory.support.DisposableBeanAdapter.destroy(DisposableBeanAdapter.java:258) [spring-beans-5.2.5.RELEASE.jar:5.2.5.RELEASE]
	at org.springframework.beans.factory.support.DefaultSingletonBeanRegistry.destroyBean(DefaultSingletonBeanRegistry.java:571) [spring-beans-5.2.5.RELEASE.jar:5.2.5.RELEASE]
	at org.springframework.beans.factory.support.DefaultSingletonBeanRegistry.destroySingleton(DefaultSingletonBeanRegistry.java:543) [spring-beans-5.2.5.RELEASE.jar:5.2.5.RELEASE]
	at org.springframework.beans.factory.support.DefaultListableBeanFactory.destroySingleton(DefaultListableBeanFactory.java:1075) [spring-beans-5.2.5.RELEASE.jar:5.2.5.RELEASE]
	at org.springframework.beans.factory.support.DefaultSingletonBeanRegistry.destroySingletons(DefaultSingletonBeanRegistry.java:504) [spring-beans-5.2.5.RELEASE.jar:5.2.5.RELEASE]
	at org.springframework.beans.factory.support.DefaultListableBeanFactory.destroySingletons(DefaultListableBeanFactory.java:1068) [spring-beans-5.2.5.RELEASE.jar:5.2.5.RELEASE]
	at org.springframework.context.support.AbstractApplicationContext.destroyBeans(AbstractApplicationContext.java:1060) [spring-context-5.2.5.RELEASE.jar:5.2.5.RELEASE]
	at org.springframework.context.support.AbstractApplicationContext.doClose(AbstractApplicationContext.java:1029) [spring-context-5.2.5.RELEASE.jar:5.2.5.RELEASE]
	at org.springframework.context.support.AbstractApplicationContext$1.run(AbstractApplicationContext.java:948) [spring-context-5.2.5.RELEASE.jar:5.2.5.RELEASE]
Caused by: java.net.ConnectException: Connection refused (Connection refused)
	at java.net.AbstractPlainSocketImpl.doConnect(AbstractPlainSocketImpl.java:350) ~[na:1.8.0_242]
	at java.net.AbstractPlainSocketImpl.connectToAddress(AbstractPlainSocketImpl.java:206) ~[na:1.8.0_242]
	at java.net.AbstractPlainSocketImpl.connect(AbstractPlainSocketImpl.java:188) ~[na:1.8.0_242]
	at java.net.SocksSocketImpl.connect(SocksSocketImpl.java:392) ~[na:1.8.0_242]
	at java.net.Socket.connect(Socket.java:607) ~[na:1.8.0_242]
	at org.apache.http.conn.scheme.PlainSocketFactory.connectSocket(PlainSocketFactory.java:121) ~[httpclient-4.5.12.jar:4.5.12]
	at org.apache.http.impl.conn.DefaultClientConnectionOperator.openConnection(DefaultClientConnectionOperator.java:180) ~[httpclient-4.5.12.jar:4.5.12]
	at org.apache.http.impl.conn.AbstractPoolEntry.open(AbstractPoolEntry.java:144) ~[httpclient-4.5.12.jar:4.5.12]
	at org.apache.http.impl.conn.AbstractPooledConnAdapter.open(AbstractPooledConnAdapter.java:134) ~[httpclient-4.5.12.jar:4.5.12]
	at org.apache.http.impl.client.DefaultRequestDirector.tryConnect(DefaultRequestDirector.java:605) ~[httpclient-4.5.12.jar:4.5.12]
	at org.apache.http.impl.client.DefaultRequestDirector.execute(DefaultRequestDirector.java:440) ~[httpclient-4.5.12.jar:4.5.12]
	at org.apache.http.impl.client.AbstractHttpClient.doExecute(AbstractHttpClient.java:835) ~[httpclient-4.5.12.jar:4.5.12]
	at org.apache.http.impl.client.CloseableHttpClient.execute(CloseableHttpClient.java:118) ~[httpclient-4.5.12.jar:4.5.12]
	at org.apache.http.impl.client.CloseableHttpClient.execute(CloseableHttpClient.java:56) ~[httpclient-4.5.12.jar:4.5.12]
	at com.sun.jersey.client.apache4.ApacheHttpClient4Handler.handle(ApacheHttpClient4Handler.java:173) ~[jersey-apache-client4-1.19.1.jar:1.19.1]
	... 41 common frames omitted

2020-04-11 20:13:56.553  WARN 8165 --- [SpringContextShutdownHook] c.n.d.s.t.d.RetryableEurekaHttpClient    : Request execution failed with message: java.net.ConnectException: Connection refused (Connection refused)
2020-04-11 20:13:56.556 ERROR 8165 --- [SpringContextShutdownHook] c.n.d.s.t.d.RedirectingEurekaHttpClient  : Request execution error. endpoint=DefaultEndpoint{ serviceUrl='http://localhost:8010/eureka/}

com.sun.jersey.api.client.ClientHandlerException: java.net.ConnectException: Connection refused (Connection refused)
	at com.sun.jersey.client.apache4.ApacheHttpClient4Handler.handle(ApacheHttpClient4Handler.java:187) ~[jersey-apache-client4-1.19.1.jar:1.19.1]
	at com.sun.jersey.api.client.filter.GZIPContentEncodingFilter.handle(GZIPContentEncodingFilter.java:123) ~[jersey-client-1.19.1.jar:1.19.1]
	at com.netflix.discovery.EurekaIdentityHeaderFilter.handle(EurekaIdentityHeaderFilter.java:27) ~[eureka-client-1.9.17.jar:1.9.17]
	at com.sun.jersey.api.client.Client.handle(Client.java:652) ~[jersey-client-1.19.1.jar:1.19.1]
	at com.sun.jersey.api.client.WebResource.handle(WebResource.java:682) ~[jersey-client-1.19.1.jar:1.19.1]
	at com.sun.jersey.api.client.WebResource.access$200(WebResource.java:74) ~[jersey-client-1.19.1.jar:1.19.1]
	at com.sun.jersey.api.client.WebResource$Builder.delete(WebResource.java:591) ~[jersey-client-1.19.1.jar:1.19.1]
	at com.netflix.discovery.shared.transport.jersey.AbstractJerseyEurekaHttpClient.cancel(AbstractJerseyEurekaHttpClient.java:77) ~[eureka-client-1.9.17.jar:1.9.17]
	at com.netflix.discovery.shared.transport.decorator.EurekaHttpClientDecorator$2.execute(EurekaHttpClientDecorator.java:74) [eureka-client-1.9.17.jar:1.9.17]
	at com.netflix.discovery.shared.transport.decorator.MetricsCollectingEurekaHttpClient.execute(MetricsCollectingEurekaHttpClient.java:73) ~[eureka-client-1.9.17.jar:1.9.17]
	at com.netflix.discovery.shared.transport.decorator.EurekaHttpClientDecorator.cancel(EurekaHttpClientDecorator.java:71) [eureka-client-1.9.17.jar:1.9.17]
	at com.netflix.discovery.shared.transport.decorator.EurekaHttpClientDecorator$2.execute(EurekaHttpClientDecorator.java:74) [eureka-client-1.9.17.jar:1.9.17]
	at com.netflix.discovery.shared.transport.decorator.RedirectingEurekaHttpClient.executeOnNewServer(RedirectingEurekaHttpClient.java:118) ~[eureka-client-1.9.17.jar:1.9.17]
	at com.netflix.discovery.shared.transport.decorator.RedirectingEurekaHttpClient.execute(RedirectingEurekaHttpClient.java:79) ~[eureka-client-1.9.17.jar:1.9.17]
	at com.netflix.discovery.shared.transport.decorator.EurekaHttpClientDecorator.cancel(EurekaHttpClientDecorator.java:71) [eureka-client-1.9.17.jar:1.9.17]
	at com.netflix.discovery.shared.transport.decorator.EurekaHttpClientDecorator$2.execute(EurekaHttpClientDecorator.java:74) [eureka-client-1.9.17.jar:1.9.17]
	at com.netflix.discovery.shared.transport.decorator.RetryableEurekaHttpClient.execute(RetryableEurekaHttpClient.java:120) [eureka-client-1.9.17.jar:1.9.17]
	at com.netflix.discovery.shared.transport.decorator.EurekaHttpClientDecorator.cancel(EurekaHttpClientDecorator.java:71) [eureka-client-1.9.17.jar:1.9.17]
	at com.netflix.discovery.shared.transport.decorator.EurekaHttpClientDecorator$2.execute(EurekaHttpClientDecorator.java:74) [eureka-client-1.9.17.jar:1.9.17]
	at com.netflix.discovery.shared.transport.decorator.SessionedEurekaHttpClient.execute(SessionedEurekaHttpClient.java:77) [eureka-client-1.9.17.jar:1.9.17]
	at com.netflix.discovery.shared.transport.decorator.EurekaHttpClientDecorator.cancel(EurekaHttpClientDecorator.java:71) [eureka-client-1.9.17.jar:1.9.17]
	at com.netflix.discovery.DiscoveryClient.unregister(DiscoveryClient.java:946) [eureka-client-1.9.17.jar:1.9.17]
	at com.netflix.discovery.DiscoveryClient.shutdown(DiscoveryClient.java:922) [eureka-client-1.9.17.jar:1.9.17]
	at sun.reflect.NativeMethodAccessorImpl.invoke0(Native Method) ~[na:1.8.0_242]
	at sun.reflect.NativeMethodAccessorImpl.invoke(NativeMethodAccessorImpl.java:62) ~[na:1.8.0_242]
	at sun.reflect.DelegatingMethodAccessorImpl.invoke(DelegatingMethodAccessorImpl.java:43) ~[na:1.8.0_242]
	at java.lang.reflect.Method.invoke(Method.java:498) ~[na:1.8.0_242]
	at org.springframework.beans.factory.annotation.InitDestroyAnnotationBeanPostProcessor$LifecycleElement.invoke(InitDestroyAnnotationBeanPostProcessor.java:389) [spring-beans-5.2.5.RELEASE.jar:5.2.5.RELEASE]
	at org.springframework.beans.factory.annotation.InitDestroyAnnotationBeanPostProcessor$LifecycleMetadata.invokeDestroyMethods(InitDestroyAnnotationBeanPostProcessor.java:347) [spring-beans-5.2.5.RELEASE.jar:5.2.5.RELEASE]
	at org.springframework.beans.factory.annotation.InitDestroyAnnotationBeanPostProcessor.postProcessBeforeDestruction(InitDestroyAnnotationBeanPostProcessor.java:177) [spring-beans-5.2.5.RELEASE.jar:5.2.5.RELEASE]
	at org.springframework.beans.factory.support.DisposableBeanAdapter.destroy(DisposableBeanAdapter.java:242) [spring-beans-5.2.5.RELEASE.jar:5.2.5.RELEASE]
	at org.springframework.beans.factory.support.DisposableBeanAdapter.run(DisposableBeanAdapter.java:235) [spring-beans-5.2.5.RELEASE.jar:5.2.5.RELEASE]
	at org.springframework.cloud.context.scope.GenericScope$BeanLifecycleWrapper.destroy(GenericScope.java:403) [spring-cloud-context-2.2.2.RELEASE.jar:2.2.2.RELEASE]
	at org.springframework.cloud.context.scope.GenericScope.destroy(GenericScope.java:142) [spring-cloud-context-2.2.2.RELEASE.jar:2.2.2.RELEASE]
	at org.springframework.beans.factory.support.DisposableBeanAdapter.destroy(DisposableBeanAdapter.java:258) [spring-beans-5.2.5.RELEASE.jar:5.2.5.RELEASE]
	at org.springframework.beans.factory.support.DefaultSingletonBeanRegistry.destroyBean(DefaultSingletonBeanRegistry.java:571) [spring-beans-5.2.5.RELEASE.jar:5.2.5.RELEASE]
	at org.springframework.beans.factory.support.DefaultSingletonBeanRegistry.destroySingleton(DefaultSingletonBeanRegistry.java:543) [spring-beans-5.2.5.RELEASE.jar:5.2.5.RELEASE]
	at org.springframework.beans.factory.support.DefaultListableBeanFactory.destroySingleton(DefaultListableBeanFactory.java:1075) [spring-beans-5.2.5.RELEASE.jar:5.2.5.RELEASE]
	at org.springframework.beans.factory.support.DefaultSingletonBeanRegistry.destroySingletons(DefaultSingletonBeanRegistry.java:504) [spring-beans-5.2.5.RELEASE.jar:5.2.5.RELEASE]
	at org.springframework.beans.factory.support.DefaultListableBeanFactory.destroySingletons(DefaultListableBeanFactory.java:1068) [spring-beans-5.2.5.RELEASE.jar:5.2.5.RELEASE]
	at org.springframework.context.support.AbstractApplicationContext.destroyBeans(AbstractApplicationContext.java:1060) [spring-context-5.2.5.RELEASE.jar:5.2.5.RELEASE]
	at org.springframework.context.support.AbstractApplicationContext.doClose(AbstractApplicationContext.java:1029) [spring-context-5.2.5.RELEASE.jar:5.2.5.RELEASE]
	at org.springframework.context.support.AbstractApplicationContext$1.run(AbstractApplicationContext.java:948) [spring-context-5.2.5.RELEASE.jar:5.2.5.RELEASE]
Caused by: java.net.ConnectException: Connection refused (Connection refused)
	at java.net.AbstractPlainSocketImpl.doConnect(AbstractPlainSocketImpl.java:350) ~[na:1.8.0_242]
	at java.net.AbstractPlainSocketImpl.connectToAddress(AbstractPlainSocketImpl.java:206) ~[na:1.8.0_242]
	at java.net.AbstractPlainSocketImpl.connect(AbstractPlainSocketImpl.java:188) ~[na:1.8.0_242]
	at java.net.SocksSocketImpl.connect(SocksSocketImpl.java:392) ~[na:1.8.0_242]
	at java.net.Socket.connect(Socket.java:607) ~[na:1.8.0_242]
	at org.apache.http.conn.scheme.PlainSocketFactory.connectSocket(PlainSocketFactory.java:121) ~[httpclient-4.5.12.jar:4.5.12]
	at org.apache.http.impl.conn.DefaultClientConnectionOperator.openConnection(DefaultClientConnectionOperator.java:180) ~[httpclient-4.5.12.jar:4.5.12]
	at org.apache.http.impl.conn.AbstractPoolEntry.open(AbstractPoolEntry.java:144) ~[httpclient-4.5.12.jar:4.5.12]
	at org.apache.http.impl.conn.AbstractPooledConnAdapter.open(AbstractPooledConnAdapter.java:134) ~[httpclient-4.5.12.jar:4.5.12]
	at org.apache.http.impl.client.DefaultRequestDirector.tryConnect(DefaultRequestDirector.java:605) ~[httpclient-4.5.12.jar:4.5.12]
	at org.apache.http.impl.client.DefaultRequestDirector.execute(DefaultRequestDirector.java:440) ~[httpclient-4.5.12.jar:4.5.12]
	at org.apache.http.impl.client.AbstractHttpClient.doExecute(AbstractHttpClient.java:835) ~[httpclient-4.5.12.jar:4.5.12]
	at org.apache.http.impl.client.CloseableHttpClient.execute(CloseableHttpClient.java:118) ~[httpclient-4.5.12.jar:4.5.12]
	at org.apache.http.impl.client.CloseableHttpClient.execute(CloseableHttpClient.java:56) ~[httpclient-4.5.12.jar:4.5.12]
	at com.sun.jersey.client.apache4.ApacheHttpClient4Handler.handle(ApacheHttpClient4Handler.java:173) ~[jersey-apache-client4-1.19.1.jar:1.19.1]
	... 42 common frames omitted

2020-04-11 20:13:56.556  WARN 8165 --- [SpringContextShutdownHook] c.n.d.s.t.d.RetryableEurekaHttpClient    : Request execution failed with message: java.net.ConnectException: Connection refused (Connection refused)
2020-04-11 20:13:56.558 ERROR 8165 --- [SpringContextShutdownHook] com.netflix.discovery.DiscoveryClient    : DiscoveryClient_ZUUL-WS/10.10.92.54:zuul-ws:8011 - de-registration failedCannot execute request on any known server

com.netflix.discovery.shared.transport.TransportException: Cannot execute request on any known server
	at com.netflix.discovery.shared.transport.decorator.RetryableEurekaHttpClient.execute(RetryableEurekaHttpClient.java:112) ~[eureka-client-1.9.17.jar:1.9.17]
	at com.netflix.discovery.shared.transport.decorator.EurekaHttpClientDecorator.cancel(EurekaHttpClientDecorator.java:71) ~[eureka-client-1.9.17.jar:1.9.17]
	at com.netflix.discovery.shared.transport.decorator.EurekaHttpClientDecorator$2.execute(EurekaHttpClientDecorator.java:74) ~[eureka-client-1.9.17.jar:1.9.17]
	at com.netflix.discovery.shared.transport.decorator.SessionedEurekaHttpClient.execute(SessionedEurekaHttpClient.java:77) ~[eureka-client-1.9.17.jar:1.9.17]
	at com.netflix.discovery.shared.transport.decorator.EurekaHttpClientDecorator.cancel(EurekaHttpClientDecorator.java:71) ~[eureka-client-1.9.17.jar:1.9.17]
	at com.netflix.discovery.DiscoveryClient.unregister(DiscoveryClient.java:946) [eureka-client-1.9.17.jar:1.9.17]
	at com.netflix.discovery.DiscoveryClient.shutdown(DiscoveryClient.java:922) [eureka-client-1.9.17.jar:1.9.17]
	at sun.reflect.NativeMethodAccessorImpl.invoke0(Native Method) ~[na:1.8.0_242]
	at sun.reflect.NativeMethodAccessorImpl.invoke(NativeMethodAccessorImpl.java:62) ~[na:1.8.0_242]
	at sun.reflect.DelegatingMethodAccessorImpl.invoke(DelegatingMethodAccessorImpl.java:43) ~[na:1.8.0_242]
	at java.lang.reflect.Method.invoke(Method.java:498) ~[na:1.8.0_242]
	at org.springframework.beans.factory.annotation.InitDestroyAnnotationBeanPostProcessor$LifecycleElement.invoke(InitDestroyAnnotationBeanPostProcessor.java:389) [spring-beans-5.2.5.RELEASE.jar:5.2.5.RELEASE]
	at org.springframework.beans.factory.annotation.InitDestroyAnnotationBeanPostProcessor$LifecycleMetadata.invokeDestroyMethods(InitDestroyAnnotationBeanPostProcessor.java:347) [spring-beans-5.2.5.RELEASE.jar:5.2.5.RELEASE]
	at org.springframework.beans.factory.annotation.InitDestroyAnnotationBeanPostProcessor.postProcessBeforeDestruction(InitDestroyAnnotationBeanPostProcessor.java:177) [spring-beans-5.2.5.RELEASE.jar:5.2.5.RELEASE]
	at org.springframework.beans.factory.support.DisposableBeanAdapter.destroy(DisposableBeanAdapter.java:242) [spring-beans-5.2.5.RELEASE.jar:5.2.5.RELEASE]
	at org.springframework.beans.factory.support.DisposableBeanAdapter.run(DisposableBeanAdapter.java:235) [spring-beans-5.2.5.RELEASE.jar:5.2.5.RELEASE]
	at org.springframework.cloud.context.scope.GenericScope$BeanLifecycleWrapper.destroy(GenericScope.java:403) [spring-cloud-context-2.2.2.RELEASE.jar:2.2.2.RELEASE]
	at org.springframework.cloud.context.scope.GenericScope.destroy(GenericScope.java:142) [spring-cloud-context-2.2.2.RELEASE.jar:2.2.2.RELEASE]
	at org.springframework.beans.factory.support.DisposableBeanAdapter.destroy(DisposableBeanAdapter.java:258) [spring-beans-5.2.5.RELEASE.jar:5.2.5.RELEASE]
	at org.springframework.beans.factory.support.DefaultSingletonBeanRegistry.destroyBean(DefaultSingletonBeanRegistry.java:571) [spring-beans-5.2.5.RELEASE.jar:5.2.5.RELEASE]
	at org.springframework.beans.factory.support.DefaultSingletonBeanRegistry.destroySingleton(DefaultSingletonBeanRegistry.java:543) [spring-beans-5.2.5.RELEASE.jar:5.2.5.RELEASE]
	at org.springframework.beans.factory.support.DefaultListableBeanFactory.destroySingleton(DefaultListableBeanFactory.java:1075) [spring-beans-5.2.5.RELEASE.jar:5.2.5.RELEASE]
	at org.springframework.beans.factory.support.DefaultSingletonBeanRegistry.destroySingletons(DefaultSingletonBeanRegistry.java:504) [spring-beans-5.2.5.RELEASE.jar:5.2.5.RELEASE]
	at org.springframework.beans.factory.support.DefaultListableBeanFactory.destroySingletons(DefaultListableBeanFactory.java:1068) [spring-beans-5.2.5.RELEASE.jar:5.2.5.RELEASE]
	at org.springframework.context.support.AbstractApplicationContext.destroyBeans(AbstractApplicationContext.java:1060) [spring-context-5.2.5.RELEASE.jar:5.2.5.RELEASE]
	at org.springframework.context.support.AbstractApplicationContext.doClose(AbstractApplicationContext.java:1029) [spring-context-5.2.5.RELEASE.jar:5.2.5.RELEASE]
	at org.springframework.context.support.AbstractApplicationContext$1.run(AbstractApplicationContext.java:948) [spring-context-5.2.5.RELEASE.jar:5.2.5.RELEASE]

2020-04-11 20:13:56.589  INFO 8165 --- [SpringContextShutdownHook] com.netflix.discovery.DiscoveryClient    : Completed shut down of DiscoveryClient
